digichem: INFO: Starting calculation '1CPU 4GB TD-DFT 2 Singlets B3LYP (GD3BJ) RIJCOSX def2-SVP' on 04/09/2025 17:57:58
digichem: INFO: Scratch directory is: '/tmp/hgt20/0e1fba41aecd4c699fa96d15e5a1f1b2'
digichem: INFO: Host is: 'cx3-4-27.cx3.hpc.ic.ac.uk'
digichem: INFO: Calculation end on 04/09/2025 18:01:30
digichem: INFO: Calculation duration: 3 m, 32 s (211.959865 total seconds)
digichem: INFO: Starting post-processing
digichem: INFO: Parsing calculation result '/rds/general/user/hgt20/home/azobenzene-symmetry/E_azobenzene/Orca 5.0.3 1CPU 4GB TD-DFT 2 Singlets B3LYP (GD3BJ) RIJCOSX def2-SVP/Output/E_azobenzene.log'
digichem: INFO: Waiting for database lock on file '/rds/general/user/hgt20/home/.digichem/digichem.main.db/.silico_lock'
digichem: INFO: Acquired database lock
digichem: INFO: Flushing database
digichem: INFO: Pre-generating cube files using 1 threads because 'cubegen_parallel': 'pool'...
digichem: INFO: Rendering 'E_azobenzene.skeletal.png' to file(s)
digichem: INFO: File generation duration: 0 s (0.125771 total seconds)
digichem: INFO: Rendering 'E_azobenzene.HOMO_LUMO.png' to file(s)
digichem: INFO: File generation duration: 0 s (0.102667 total seconds)
digichem: INFO: Converting orca/gbw file 'E_azobenzene.gbw' to gaussian/cube file 'E_azobenzene.HOMO.cube'
digichem: INFO: File generation duration: 1 s (1.23175 total seconds)
digichem: INFO: Rendering 'E_azobenzene.structure.jpg' to file(s)
digichem: ERROR: Unable to get file '/tmp/hgt20/0e1fba41aecd4c699fa96d15e5a1f1b2/Report/image/Structure/E_azobenzene.structure.x0y0z0.jpg'
	File_maker_exception: Error making 'Structure_image_maker' file '/tmp/hgt20/0e1fba41aecd4c699fa96d15e5a1f1b2/Report/image/Structure/E_azobenzene.structure.jpg'; Could not locate vmd executable 'vmd'
	FileNotFoundError: [Errno 2] No such file or directory: 'vmd'
digichem: ERROR: Unable to get file '/tmp/hgt20/0e1fba41aecd4c699fa96d15e5a1f1b2/Report/image/Structure/E_azobenzene.structure.x0y0z0.jpg'
	File_maker_exception: Error making 'Structure_image_maker' file '/tmp/hgt20/0e1fba41aecd4c699fa96d15e5a1f1b2/Report/image/Structure/E_azobenzene.structure.jpg'; Not creating file due to previous errors
digichem: ERROR: Unable to get file '/tmp/hgt20/0e1fba41aecd4c699fa96d15e5a1f1b2/Report/image/Structure/E_azobenzene.structure.x90y0z0.jpg'
	File_maker_exception: Error making 'Structure_image_maker' file '/tmp/hgt20/0e1fba41aecd4c699fa96d15e5a1f1b2/Report/image/Structure/E_azobenzene.structure.jpg'; Not creating file due to previous errors
digichem: ERROR: Unable to get file '/tmp/hgt20/0e1fba41aecd4c699fa96d15e5a1f1b2/Report/image/Structure/E_azobenzene.structure.x0y90z0.jpg'
	File_maker_exception: Error making 'Structure_image_maker' file '/tmp/hgt20/0e1fba41aecd4c699fa96d15e5a1f1b2/Report/image/Structure/E_azobenzene.structure.jpg'; Not creating file due to previous errors
digichem: ERROR: Unable to get file '/tmp/hgt20/0e1fba41aecd4c699fa96d15e5a1f1b2/Report/image/Structure/E_azobenzene.structure.x45y45z45.jpg'
	File_maker_exception: Error making 'Structure_image_maker' file '/tmp/hgt20/0e1fba41aecd4c699fa96d15e5a1f1b2/Report/image/Structure/E_azobenzene.structure.jpg'; Not creating file due to previous errors
digichem: INFO: Converting orca/gbw file 'E_azobenzene.gbw' to gaussian/cube file 'E_azobenzene.SCF.cube'
digichem: INFO: File generation duration: 28 s (28.065773 total seconds)
digichem: INFO: Rendering 'E_azobenzene.SCF.jpg' to file(s)
digichem: ERROR: Unable to get file '/tmp/hgt20/0e1fba41aecd4c699fa96d15e5a1f1b2/Report/image/Density/E_azobenzene.SCF.x0y0z0.jpg'
	File_maker_exception: Error making 'Density_image_maker' file '/tmp/hgt20/0e1fba41aecd4c699fa96d15e5a1f1b2/Report/image/Density/E_azobenzene.SCF.jpg'; Could not locate vmd executable 'vmd'
	FileNotFoundError: [Errno 2] No such file or directory: 'vmd'
digichem: ERROR: Unable to get file '/tmp/hgt20/0e1fba41aecd4c699fa96d15e5a1f1b2/Report/image/Density/E_azobenzene.SCF.x90y0z0.jpg'
	File_maker_exception: Error making 'Density_image_maker' file '/tmp/hgt20/0e1fba41aecd4c699fa96d15e5a1f1b2/Report/image/Density/E_azobenzene.SCF.jpg'; Not creating file due to previous errors
digichem: ERROR: Unable to get file '/tmp/hgt20/0e1fba41aecd4c699fa96d15e5a1f1b2/Report/image/Density/E_azobenzene.SCF.x0y90z0.jpg'
	File_maker_exception: Error making 'Density_image_maker' file '/tmp/hgt20/0e1fba41aecd4c699fa96d15e5a1f1b2/Report/image/Density/E_azobenzene.SCF.jpg'; Not creating file due to previous errors
digichem: ERROR: Unable to get file '/tmp/hgt20/0e1fba41aecd4c699fa96d15e5a1f1b2/Report/image/Density/E_azobenzene.SCF.x45y45z45.jpg'
	File_maker_exception: Error making 'Density_image_maker' file '/tmp/hgt20/0e1fba41aecd4c699fa96d15e5a1f1b2/Report/image/Density/E_azobenzene.SCF.jpg'; Not creating file due to previous errors
digichem: INFO: Rendering 'E_azobenzene.dipole.jpg' to file(s)
digichem: ERROR: Unable to get file '/tmp/hgt20/0e1fba41aecd4c699fa96d15e5a1f1b2/Report/image/Dipole Moment/E_azobenzene.dipole.x0y0z0.jpg'
	File_maker_exception: Error making 'Permanent_dipole_image_maker' file '/tmp/hgt20/0e1fba41aecd4c699fa96d15e5a1f1b2/Report/image/Dipole Moment/E_azobenzene.dipole.jpg'; Could not locate vmd executable 'vmd'
	FileNotFoundError: [Errno 2] No such file or directory: 'vmd'
digichem: ERROR: Unable to get file '/tmp/hgt20/0e1fba41aecd4c699fa96d15e5a1f1b2/Report/image/Dipole Moment/E_azobenzene.dipole.x90y0z0.jpg'
	File_maker_exception: Error making 'Permanent_dipole_image_maker' file '/tmp/hgt20/0e1fba41aecd4c699fa96d15e5a1f1b2/Report/image/Dipole Moment/E_azobenzene.dipole.jpg'; Not creating file due to previous errors
digichem: ERROR: Unable to get file '/tmp/hgt20/0e1fba41aecd4c699fa96d15e5a1f1b2/Report/image/Dipole Moment/E_azobenzene.dipole.x0y90z0.jpg'
	File_maker_exception: Error making 'Permanent_dipole_image_maker' file '/tmp/hgt20/0e1fba41aecd4c699fa96d15e5a1f1b2/Report/image/Dipole Moment/E_azobenzene.dipole.jpg'; Not creating file due to previous errors
digichem: ERROR: Unable to get file '/tmp/hgt20/0e1fba41aecd4c699fa96d15e5a1f1b2/Report/image/Dipole Moment/E_azobenzene.dipole.x45y45z45.jpg'
	File_maker_exception: Error making 'Permanent_dipole_image_maker' file '/tmp/hgt20/0e1fba41aecd4c699fa96d15e5a1f1b2/Report/image/Dipole Moment/E_azobenzene.dipole.jpg'; Not creating file due to previous errors
digichem: INFO: Rendering 'E_azobenzene.HOMO.jpg' to file(s)
digichem: ERROR: Unable to get file '/tmp/hgt20/0e1fba41aecd4c699fa96d15e5a1f1b2/Report/image/HOMO/E_azobenzene.HOMO.x0y0z0.jpg'
	File_maker_exception: Error making 'Orbital_image_maker' file '/tmp/hgt20/0e1fba41aecd4c699fa96d15e5a1f1b2/Report/image/HOMO/E_azobenzene.HOMO.jpg'; Could not locate vmd executable 'vmd'
	FileNotFoundError: [Errno 2] No such file or directory: 'vmd'
digichem: ERROR: Unable to get file '/tmp/hgt20/0e1fba41aecd4c699fa96d15e5a1f1b2/Report/image/HOMO/E_azobenzene.HOMO.x90y0z0.jpg'
	File_maker_exception: Error making 'Orbital_image_maker' file '/tmp/hgt20/0e1fba41aecd4c699fa96d15e5a1f1b2/Report/image/HOMO/E_azobenzene.HOMO.jpg'; Not creating file due to previous errors
digichem: ERROR: Unable to get file '/tmp/hgt20/0e1fba41aecd4c699fa96d15e5a1f1b2/Report/image/HOMO/E_azobenzene.HOMO.x0y90z0.jpg'
	File_maker_exception: Error making 'Orbital_image_maker' file '/tmp/hgt20/0e1fba41aecd4c699fa96d15e5a1f1b2/Report/image/HOMO/E_azobenzene.HOMO.jpg'; Not creating file due to previous errors
digichem: ERROR: Unable to get file '/tmp/hgt20/0e1fba41aecd4c699fa96d15e5a1f1b2/Report/image/HOMO/E_azobenzene.HOMO.x45y45z45.jpg'
	File_maker_exception: Error making 'Orbital_image_maker' file '/tmp/hgt20/0e1fba41aecd4c699fa96d15e5a1f1b2/Report/image/HOMO/E_azobenzene.HOMO.jpg'; Not creating file due to previous errors
digichem: INFO: Converting orca/gbw file 'E_azobenzene.gbw' to gaussian/cube file 'E_azobenzene.LUMO.cube'
digichem: INFO: File generation duration: 2 s (1.546898 total seconds)
digichem: INFO: Rendering 'E_azobenzene.LUMO.jpg' to file(s)
digichem: ERROR: Unable to get file '/tmp/hgt20/0e1fba41aecd4c699fa96d15e5a1f1b2/Report/image/LUMO/E_azobenzene.LUMO.x0y0z0.jpg'
	File_maker_exception: Error making 'Orbital_image_maker' file '/tmp/hgt20/0e1fba41aecd4c699fa96d15e5a1f1b2/Report/image/LUMO/E_azobenzene.LUMO.jpg'; Could not locate vmd executable 'vmd'
	FileNotFoundError: [Errno 2] No such file or directory: 'vmd'
digichem: ERROR: Unable to get file '/tmp/hgt20/0e1fba41aecd4c699fa96d15e5a1f1b2/Report/image/LUMO/E_azobenzene.LUMO.x90y0z0.jpg'
	File_maker_exception: Error making 'Orbital_image_maker' file '/tmp/hgt20/0e1fba41aecd4c699fa96d15e5a1f1b2/Report/image/LUMO/E_azobenzene.LUMO.jpg'; Not creating file due to previous errors
digichem: ERROR: Unable to get file '/tmp/hgt20/0e1fba41aecd4c699fa96d15e5a1f1b2/Report/image/LUMO/E_azobenzene.LUMO.x0y90z0.jpg'
	File_maker_exception: Error making 'Orbital_image_maker' file '/tmp/hgt20/0e1fba41aecd4c699fa96d15e5a1f1b2/Report/image/LUMO/E_azobenzene.LUMO.jpg'; Not creating file due to previous errors
digichem: ERROR: Unable to get file '/tmp/hgt20/0e1fba41aecd4c699fa96d15e5a1f1b2/Report/image/LUMO/E_azobenzene.LUMO.x45y45z45.jpg'
	File_maker_exception: Error making 'Orbital_image_maker' file '/tmp/hgt20/0e1fba41aecd4c699fa96d15e5a1f1b2/Report/image/LUMO/E_azobenzene.LUMO.jpg'; Not creating file due to previous errors
digichem: INFO: Rendering 'E_azobenzene.HOMO_LUMO.jpg' to file(s)
digichem: ERROR: Unable to get file '/tmp/hgt20/0e1fba41aecd4c699fa96d15e5a1f1b2/Report/image/HOMO LUMO/E_azobenzene.HOMO_LUMO.x0y0z0.jpg'
	File_maker_exception: Error making 'Combined_orbital_image_maker' file '/tmp/hgt20/0e1fba41aecd4c699fa96d15e5a1f1b2/Report/image/HOMO LUMO/E_azobenzene.HOMO_LUMO.jpg'; Could not locate vmd executable 'vmd'
	FileNotFoundError: [Errno 2] No such file or directory: 'vmd'
digichem: INFO: Rendering 'E_azobenzene.HOMO_LUMO.jpg' to file(s)
digichem: ERROR: Unable to get file '/tmp/hgt20/0e1fba41aecd4c699fa96d15e5a1f1b2/Report/image/HOMO LUMO/E_azobenzene.HOMO_LUMO.x90y0z0.jpg'
	File_maker_exception: Error making 'Combined_orbital_image_maker' file '/tmp/hgt20/0e1fba41aecd4c699fa96d15e5a1f1b2/Report/image/HOMO LUMO/E_azobenzene.HOMO_LUMO.jpg'; Could not locate vmd executable 'vmd'
	FileNotFoundError: [Errno 2] No such file or directory: 'vmd'
digichem: INFO: Rendering 'E_azobenzene.HOMO_LUMO.jpg' to file(s)
digichem: ERROR: Unable to get file '/tmp/hgt20/0e1fba41aecd4c699fa96d15e5a1f1b2/Report/image/HOMO LUMO/E_azobenzene.HOMO_LUMO.x0y90z0.jpg'
	File_maker_exception: Error making 'Combined_orbital_image_maker' file '/tmp/hgt20/0e1fba41aecd4c699fa96d15e5a1f1b2/Report/image/HOMO LUMO/E_azobenzene.HOMO_LUMO.jpg'; Could not locate vmd executable 'vmd'
	FileNotFoundError: [Errno 2] No such file or directory: 'vmd'
digichem: INFO: Rendering 'E_azobenzene.HOMO_LUMO.jpg' to file(s)
digichem: ERROR: Unable to get file '/tmp/hgt20/0e1fba41aecd4c699fa96d15e5a1f1b2/Report/image/HOMO LUMO/E_azobenzene.HOMO_LUMO.x45y45z45.jpg'
	File_maker_exception: Error making 'Combined_orbital_image_maker' file '/tmp/hgt20/0e1fba41aecd4c699fa96d15e5a1f1b2/Report/image/HOMO LUMO/E_azobenzene.HOMO_LUMO.jpg'; Could not locate vmd executable 'vmd'
	FileNotFoundError: [Errno 2] No such file or directory: 'vmd'
digichem: INFO: Rendering 'E_azobenzene.orbitals.png' to file(s)
digichem: INFO: File generation duration: 0 s (0.223249 total seconds)
digichem: INFO: Rendering 'E_azobenzene.excited_states.png' to file(s)
digichem: INFO: File generation duration: 0 s (0.263714 total seconds)
digichem: INFO: Rendering 'E_azobenzene.simulated_absorption_spectrum.png' to file(s)
digichem: INFO: File generation duration: 0 s (0.107043 total seconds)
digichem: INFO: Writing PDF file '/tmp/hgt20/0e1fba41aecd4c699fa96d15e5a1f1b2/Report/E_azobenzene.traditional.pdf'
digichem: INFO: Pre-generating cube files using 1 threads because 'cubegen_parallel': 'pool'...
digichem: INFO: Rendering 'E_azobenzene.skeletal.png' to file(s)
digichem: INFO: File generation duration: 0 s (0.111018 total seconds)
digichem: INFO: Rendering 'E_azobenzene.HOMO_LUMO.png' to file(s)
digichem: INFO: File generation duration: 0 s (0.081413 total seconds)
digichem: INFO: Rendering 'E_azobenzene.structure.jpg' to file(s)
digichem: ERROR: Unable to get file '/tmp/hgt20/0e1fba41aecd4c699fa96d15e5a1f1b2/Report/image/Structure/E_azobenzene.structure.x0y0z0.jpg'
	File_maker_exception: Error making 'Structure_image_maker' file '/tmp/hgt20/0e1fba41aecd4c699fa96d15e5a1f1b2/Report/image/Structure/E_azobenzene.structure.jpg'; Could not locate vmd executable 'vmd'
	FileNotFoundError: [Errno 2] No such file or directory: 'vmd'
digichem: INFO: Rendering 'E_azobenzene.simulated_absorption_spectrum.png' to file(s)
digichem: INFO: File generation duration: 0 s (0.119726 total seconds)
digichem: INFO: Rendering 'E_azobenzene.SCF.jpg' to file(s)
digichem: ERROR: Unable to get file '/tmp/hgt20/0e1fba41aecd4c699fa96d15e5a1f1b2/Report/image/Density/E_azobenzene.SCF.x0y0z0.jpg'
	File_maker_exception: Error making 'Density_image_maker' file '/tmp/hgt20/0e1fba41aecd4c699fa96d15e5a1f1b2/Report/image/Density/E_azobenzene.SCF.jpg'; Could not locate vmd executable 'vmd'
	FileNotFoundError: [Errno 2] No such file or directory: 'vmd'
digichem: ERROR: Unable to get file '/tmp/hgt20/0e1fba41aecd4c699fa96d15e5a1f1b2/Report/image/Density/E_azobenzene.SCF.x90y0z0.jpg'
	File_maker_exception: Error making 'Density_image_maker' file '/tmp/hgt20/0e1fba41aecd4c699fa96d15e5a1f1b2/Report/image/Density/E_azobenzene.SCF.jpg'; Not creating file due to previous errors
digichem: ERROR: Unable to get file '/tmp/hgt20/0e1fba41aecd4c699fa96d15e5a1f1b2/Report/image/Density/E_azobenzene.SCF.x0y90z0.jpg'
	File_maker_exception: Error making 'Density_image_maker' file '/tmp/hgt20/0e1fba41aecd4c699fa96d15e5a1f1b2/Report/image/Density/E_azobenzene.SCF.jpg'; Not creating file due to previous errors
digichem: ERROR: Unable to get file '/tmp/hgt20/0e1fba41aecd4c699fa96d15e5a1f1b2/Report/image/Density/E_azobenzene.SCF.x45y45z45.jpg'
	File_maker_exception: Error making 'Density_image_maker' file '/tmp/hgt20/0e1fba41aecd4c699fa96d15e5a1f1b2/Report/image/Density/E_azobenzene.SCF.jpg'; Not creating file due to previous errors
digichem: ERROR: Unable to get file '/tmp/hgt20/0e1fba41aecd4c699fa96d15e5a1f1b2/Report/image/Structure/E_azobenzene.structure.x0y0z0.jpg'
	File_maker_exception: Error making 'Structure_image_maker' file '/tmp/hgt20/0e1fba41aecd4c699fa96d15e5a1f1b2/Report/image/Structure/E_azobenzene.structure.jpg'; Not creating file due to previous errors
digichem: ERROR: Unable to get file '/tmp/hgt20/0e1fba41aecd4c699fa96d15e5a1f1b2/Report/image/Structure/E_azobenzene.structure.x90y0z0.jpg'
	File_maker_exception: Error making 'Structure_image_maker' file '/tmp/hgt20/0e1fba41aecd4c699fa96d15e5a1f1b2/Report/image/Structure/E_azobenzene.structure.jpg'; Not creating file due to previous errors
digichem: ERROR: Unable to get file '/tmp/hgt20/0e1fba41aecd4c699fa96d15e5a1f1b2/Report/image/Structure/E_azobenzene.structure.x0y90z0.jpg'
	File_maker_exception: Error making 'Structure_image_maker' file '/tmp/hgt20/0e1fba41aecd4c699fa96d15e5a1f1b2/Report/image/Structure/E_azobenzene.structure.jpg'; Not creating file due to previous errors
digichem: ERROR: Unable to get file '/tmp/hgt20/0e1fba41aecd4c699fa96d15e5a1f1b2/Report/image/Structure/E_azobenzene.structure.x45y45z45.jpg'
	File_maker_exception: Error making 'Structure_image_maker' file '/tmp/hgt20/0e1fba41aecd4c699fa96d15e5a1f1b2/Report/image/Structure/E_azobenzene.structure.jpg'; Not creating file due to previous errors
digichem: INFO: Rendering 'E_azobenzene.dipole.jpg' to file(s)
digichem: ERROR: Unable to get file '/tmp/hgt20/0e1fba41aecd4c699fa96d15e5a1f1b2/Report/image/Dipole Moment/E_azobenzene.dipole.x0y0z0.jpg'
	File_maker_exception: Error making 'Permanent_dipole_image_maker' file '/tmp/hgt20/0e1fba41aecd4c699fa96d15e5a1f1b2/Report/image/Dipole Moment/E_azobenzene.dipole.jpg'; Could not locate vmd executable 'vmd'
	FileNotFoundError: [Errno 2] No such file or directory: 'vmd'
digichem: ERROR: Unable to get file '/tmp/hgt20/0e1fba41aecd4c699fa96d15e5a1f1b2/Report/image/Dipole Moment/E_azobenzene.dipole.x90y0z0.jpg'
	File_maker_exception: Error making 'Permanent_dipole_image_maker' file '/tmp/hgt20/0e1fba41aecd4c699fa96d15e5a1f1b2/Report/image/Dipole Moment/E_azobenzene.dipole.jpg'; Not creating file due to previous errors
digichem: ERROR: Unable to get file '/tmp/hgt20/0e1fba41aecd4c699fa96d15e5a1f1b2/Report/image/Dipole Moment/E_azobenzene.dipole.x0y90z0.jpg'
	File_maker_exception: Error making 'Permanent_dipole_image_maker' file '/tmp/hgt20/0e1fba41aecd4c699fa96d15e5a1f1b2/Report/image/Dipole Moment/E_azobenzene.dipole.jpg'; Not creating file due to previous errors
digichem: ERROR: Unable to get file '/tmp/hgt20/0e1fba41aecd4c699fa96d15e5a1f1b2/Report/image/Dipole Moment/E_azobenzene.dipole.x45y45z45.jpg'
	File_maker_exception: Error making 'Permanent_dipole_image_maker' file '/tmp/hgt20/0e1fba41aecd4c699fa96d15e5a1f1b2/Report/image/Dipole Moment/E_azobenzene.dipole.jpg'; Not creating file due to previous errors
digichem: INFO: Rendering 'E_azobenzene.orbitals.png' to file(s)
digichem: INFO: File generation duration: 0 s (0.076521 total seconds)
digichem: INFO: Rendering 'E_azobenzene.HOMO.jpg' to file(s)
digichem: ERROR: Unable to get file '/tmp/hgt20/0e1fba41aecd4c699fa96d15e5a1f1b2/Report/image/HOMO/E_azobenzene.HOMO.x0y0z0.jpg'
	File_maker_exception: Error making 'Orbital_image_maker' file '/tmp/hgt20/0e1fba41aecd4c699fa96d15e5a1f1b2/Report/image/HOMO/E_azobenzene.HOMO.jpg'; Could not locate vmd executable 'vmd'
	FileNotFoundError: [Errno 2] No such file or directory: 'vmd'
digichem: ERROR: Unable to get file '/tmp/hgt20/0e1fba41aecd4c699fa96d15e5a1f1b2/Report/image/HOMO/E_azobenzene.HOMO.x90y0z0.jpg'
	File_maker_exception: Error making 'Orbital_image_maker' file '/tmp/hgt20/0e1fba41aecd4c699fa96d15e5a1f1b2/Report/image/HOMO/E_azobenzene.HOMO.jpg'; Not creating file due to previous errors
digichem: ERROR: Unable to get file '/tmp/hgt20/0e1fba41aecd4c699fa96d15e5a1f1b2/Report/image/HOMO/E_azobenzene.HOMO.x0y90z0.jpg'
	File_maker_exception: Error making 'Orbital_image_maker' file '/tmp/hgt20/0e1fba41aecd4c699fa96d15e5a1f1b2/Report/image/HOMO/E_azobenzene.HOMO.jpg'; Not creating file due to previous errors
digichem: ERROR: Unable to get file '/tmp/hgt20/0e1fba41aecd4c699fa96d15e5a1f1b2/Report/image/HOMO/E_azobenzene.HOMO.x45y45z45.jpg'
	File_maker_exception: Error making 'Orbital_image_maker' file '/tmp/hgt20/0e1fba41aecd4c699fa96d15e5a1f1b2/Report/image/HOMO/E_azobenzene.HOMO.jpg'; Not creating file due to previous errors
digichem: INFO: Rendering 'E_azobenzene.LUMO.jpg' to file(s)
digichem: ERROR: Unable to get file '/tmp/hgt20/0e1fba41aecd4c699fa96d15e5a1f1b2/Report/image/LUMO/E_azobenzene.LUMO.x0y0z0.jpg'
	File_maker_exception: Error making 'Orbital_image_maker' file '/tmp/hgt20/0e1fba41aecd4c699fa96d15e5a1f1b2/Report/image/LUMO/E_azobenzene.LUMO.jpg'; Could not locate vmd executable 'vmd'
	FileNotFoundError: [Errno 2] No such file or directory: 'vmd'
digichem: ERROR: Unable to get file '/tmp/hgt20/0e1fba41aecd4c699fa96d15e5a1f1b2/Report/image/LUMO/E_azobenzene.LUMO.x90y0z0.jpg'
	File_maker_exception: Error making 'Orbital_image_maker' file '/tmp/hgt20/0e1fba41aecd4c699fa96d15e5a1f1b2/Report/image/LUMO/E_azobenzene.LUMO.jpg'; Not creating file due to previous errors
digichem: ERROR: Unable to get file '/tmp/hgt20/0e1fba41aecd4c699fa96d15e5a1f1b2/Report/image/LUMO/E_azobenzene.LUMO.x0y90z0.jpg'
	File_maker_exception: Error making 'Orbital_image_maker' file '/tmp/hgt20/0e1fba41aecd4c699fa96d15e5a1f1b2/Report/image/LUMO/E_azobenzene.LUMO.jpg'; Not creating file due to previous errors
digichem: ERROR: Unable to get file '/tmp/hgt20/0e1fba41aecd4c699fa96d15e5a1f1b2/Report/image/LUMO/E_azobenzene.LUMO.x45y45z45.jpg'
	File_maker_exception: Error making 'Orbital_image_maker' file '/tmp/hgt20/0e1fba41aecd4c699fa96d15e5a1f1b2/Report/image/LUMO/E_azobenzene.LUMO.jpg'; Not creating file due to previous errors
digichem: INFO: Rendering 'E_azobenzene.HOMO_LUMO.jpg' to file(s)
digichem: ERROR: Unable to get file '/tmp/hgt20/0e1fba41aecd4c699fa96d15e5a1f1b2/Report/image/HOMO LUMO/E_azobenzene.HOMO_LUMO.x0y0z0.jpg'
	File_maker_exception: Error making 'Combined_orbital_image_maker' file '/tmp/hgt20/0e1fba41aecd4c699fa96d15e5a1f1b2/Report/image/HOMO LUMO/E_azobenzene.HOMO_LUMO.jpg'; Could not locate vmd executable 'vmd'
	FileNotFoundError: [Errno 2] No such file or directory: 'vmd'
digichem: INFO: Rendering 'E_azobenzene.HOMO_LUMO.jpg' to file(s)
digichem: ERROR: Unable to get file '/tmp/hgt20/0e1fba41aecd4c699fa96d15e5a1f1b2/Report/image/HOMO LUMO/E_azobenzene.HOMO_LUMO.x90y0z0.jpg'
	File_maker_exception: Error making 'Combined_orbital_image_maker' file '/tmp/hgt20/0e1fba41aecd4c699fa96d15e5a1f1b2/Report/image/HOMO LUMO/E_azobenzene.HOMO_LUMO.jpg'; Could not locate vmd executable 'vmd'
	FileNotFoundError: [Errno 2] No such file or directory: 'vmd'
digichem: INFO: Rendering 'E_azobenzene.HOMO_LUMO.jpg' to file(s)
digichem: ERROR: Unable to get file '/tmp/hgt20/0e1fba41aecd4c699fa96d15e5a1f1b2/Report/image/HOMO LUMO/E_azobenzene.HOMO_LUMO.x0y90z0.jpg'
	File_maker_exception: Error making 'Combined_orbital_image_maker' file '/tmp/hgt20/0e1fba41aecd4c699fa96d15e5a1f1b2/Report/image/HOMO LUMO/E_azobenzene.HOMO_LUMO.jpg'; Could not locate vmd executable 'vmd'
	FileNotFoundError: [Errno 2] No such file or directory: 'vmd'
digichem: INFO: Rendering 'E_azobenzene.HOMO_LUMO.jpg' to file(s)
digichem: ERROR: Unable to get file '/tmp/hgt20/0e1fba41aecd4c699fa96d15e5a1f1b2/Report/image/HOMO LUMO/E_azobenzene.HOMO_LUMO.x45y45z45.jpg'
	File_maker_exception: Error making 'Combined_orbital_image_maker' file '/tmp/hgt20/0e1fba41aecd4c699fa96d15e5a1f1b2/Report/image/HOMO LUMO/E_azobenzene.HOMO_LUMO.jpg'; Could not locate vmd executable 'vmd'
	FileNotFoundError: [Errno 2] No such file or directory: 'vmd'
digichem: INFO: Rendering 'E_azobenzene.excited_states.png' to file(s)
digichem: INFO: File generation duration: 0 s (0.092998 total seconds)
digichem: INFO: Writing PDF file '/tmp/hgt20/0e1fba41aecd4c699fa96d15e5a1f1b2/Report/E_azobenzene.journal.pdf'
digichem: INFO: Moving report files from scratch dir...
digichem: INFO: Post-processing complete
digichem: INFO: Post-processing duration: 46 s (46.190636 total seconds)
digichem: INFO: Starting cleanup
digichem: INFO: Cleanup complete
digichem: INFO: Cleanup duration: 0 s (0.027765 total seconds)
digichem: INFO: Handling of calculation '1CPU 4GB TD-DFT 2 Singlets B3LYP (GD3BJ) RIJCOSX def2-SVP' complete
digichem: INFO: Total calculation handling duration: 4 m, 18 s (258.214118 total seconds)
