digichem: INFO: Starting calculation '1CPU 4GB SP B3LYP (GD3BJ) RIJCOSX def2-SVP' on 04/09/2025 15:57:11
digichem: INFO: Scratch directory is: '/tmp/hgt20/83ec3708c7e14fcb90fbec5b16c989e5'
digichem: INFO: Host is: 'cx3-4-25.cx3.hpc.ic.ac.uk'
digichem: INFO: Calculation end on 04/09/2025 15:59:27
digichem: INFO: Calculation duration: 2 m, 16 s (136.443464 total seconds)
digichem: INFO: Starting post-processing
digichem: INFO: Parsing calculation result '/rds/general/user/hgt20/home/azobenzene-symmetry/Z_T_azobenzene/Orca 5.0.3 1CPU 4GB SP B3LYP (GD3BJ) RIJCOSX def2-SVP 02/Output/Z_T_azobenzene.log'
digichem: INFO: Waiting for database lock on file '/rds/general/user/hgt20/home/.digichem/digichem.main.db/.silico_lock'
digichem: INFO: Acquired database lock
digichem: INFO: Flushing database
digichem: INFO: Pre-generating cube files using 1 threads because 'cubegen_parallel': 'pool'...
digichem: INFO: Rendering 'Z_T_azobenzene.skeletal.png' to file(s)
digichem: INFO: File generation duration: 0 s (0.105134 total seconds)
digichem: INFO: Rendering 'Z_T_azobenzene.HOMO_LUMO.png' to file(s)
digichem: INFO: File generation duration: 0 s (0.131247 total seconds)
digichem: INFO: Converting orca/gbw file 'Z_T_azobenzene.gbw' to gaussian/cube file 'Z_T_azobenzene.HOMO.cube'
digichem: INFO: File generation duration: 2 s (1.536845 total seconds)
digichem: INFO: Rendering 'Z_T_azobenzene.structure.jpg' to file(s)
digichem: ERROR: Unable to get file '/tmp/hgt20/83ec3708c7e14fcb90fbec5b16c989e5/Report/image/Structure/Z_T_azobenzene.structure.x0y0z0.jpg'
	File_maker_exception: Error making 'Structure_image_maker' file '/tmp/hgt20/83ec3708c7e14fcb90fbec5b16c989e5/Report/image/Structure/Z_T_azobenzene.structure.jpg'; Could not locate vmd executable 'vmd'
	FileNotFoundError: [Errno 2] No such file or directory: 'vmd'
digichem: ERROR: Unable to get file '/tmp/hgt20/83ec3708c7e14fcb90fbec5b16c989e5/Report/image/Structure/Z_T_azobenzene.structure.x0y0z0.jpg'
	File_maker_exception: Error making 'Structure_image_maker' file '/tmp/hgt20/83ec3708c7e14fcb90fbec5b16c989e5/Report/image/Structure/Z_T_azobenzene.structure.jpg'; Not creating file due to previous errors
digichem: ERROR: Unable to get file '/tmp/hgt20/83ec3708c7e14fcb90fbec5b16c989e5/Report/image/Structure/Z_T_azobenzene.structure.x90y0z0.jpg'
	File_maker_exception: Error making 'Structure_image_maker' file '/tmp/hgt20/83ec3708c7e14fcb90fbec5b16c989e5/Report/image/Structure/Z_T_azobenzene.structure.jpg'; Not creating file due to previous errors
digichem: ERROR: Unable to get file '/tmp/hgt20/83ec3708c7e14fcb90fbec5b16c989e5/Report/image/Structure/Z_T_azobenzene.structure.x0y90z0.jpg'
	File_maker_exception: Error making 'Structure_image_maker' file '/tmp/hgt20/83ec3708c7e14fcb90fbec5b16c989e5/Report/image/Structure/Z_T_azobenzene.structure.jpg'; Not creating file due to previous errors
digichem: ERROR: Unable to get file '/tmp/hgt20/83ec3708c7e14fcb90fbec5b16c989e5/Report/image/Structure/Z_T_azobenzene.structure.x45y45z45.jpg'
	File_maker_exception: Error making 'Structure_image_maker' file '/tmp/hgt20/83ec3708c7e14fcb90fbec5b16c989e5/Report/image/Structure/Z_T_azobenzene.structure.jpg'; Not creating file due to previous errors
digichem: INFO: Converting orca/gbw file 'Z_T_azobenzene.gbw' to gaussian/cube file 'Z_T_azobenzene.SCF.cube'
digichem: INFO: File generation duration: 29 s (29.231795 total seconds)
digichem: INFO: Rendering 'Z_T_azobenzene.SCF.jpg' to file(s)
digichem: ERROR: Unable to get file '/tmp/hgt20/83ec3708c7e14fcb90fbec5b16c989e5/Report/image/Density/Z_T_azobenzene.SCF.x0y0z0.jpg'
	File_maker_exception: Error making 'Density_image_maker' file '/tmp/hgt20/83ec3708c7e14fcb90fbec5b16c989e5/Report/image/Density/Z_T_azobenzene.SCF.jpg'; Could not locate vmd executable 'vmd'
	FileNotFoundError: [Errno 2] No such file or directory: 'vmd'
digichem: ERROR: Unable to get file '/tmp/hgt20/83ec3708c7e14fcb90fbec5b16c989e5/Report/image/Density/Z_T_azobenzene.SCF.x90y0z0.jpg'
	File_maker_exception: Error making 'Density_image_maker' file '/tmp/hgt20/83ec3708c7e14fcb90fbec5b16c989e5/Report/image/Density/Z_T_azobenzene.SCF.jpg'; Not creating file due to previous errors
digichem: ERROR: Unable to get file '/tmp/hgt20/83ec3708c7e14fcb90fbec5b16c989e5/Report/image/Density/Z_T_azobenzene.SCF.x0y90z0.jpg'
	File_maker_exception: Error making 'Density_image_maker' file '/tmp/hgt20/83ec3708c7e14fcb90fbec5b16c989e5/Report/image/Density/Z_T_azobenzene.SCF.jpg'; Not creating file due to previous errors
digichem: ERROR: Unable to get file '/tmp/hgt20/83ec3708c7e14fcb90fbec5b16c989e5/Report/image/Density/Z_T_azobenzene.SCF.x45y45z45.jpg'
	File_maker_exception: Error making 'Density_image_maker' file '/tmp/hgt20/83ec3708c7e14fcb90fbec5b16c989e5/Report/image/Density/Z_T_azobenzene.SCF.jpg'; Not creating file due to previous errors
digichem: INFO: Rendering 'Z_T_azobenzene.dipole.jpg' to file(s)
digichem: ERROR: Unable to get file '/tmp/hgt20/83ec3708c7e14fcb90fbec5b16c989e5/Report/image/Dipole Moment/Z_T_azobenzene.dipole.x0y0z0.jpg'
	File_maker_exception: Error making 'Permanent_dipole_image_maker' file '/tmp/hgt20/83ec3708c7e14fcb90fbec5b16c989e5/Report/image/Dipole Moment/Z_T_azobenzene.dipole.jpg'; Could not locate vmd executable 'vmd'
	FileNotFoundError: [Errno 2] No such file or directory: 'vmd'
digichem: ERROR: Unable to get file '/tmp/hgt20/83ec3708c7e14fcb90fbec5b16c989e5/Report/image/Dipole Moment/Z_T_azobenzene.dipole.x90y0z0.jpg'
	File_maker_exception: Error making 'Permanent_dipole_image_maker' file '/tmp/hgt20/83ec3708c7e14fcb90fbec5b16c989e5/Report/image/Dipole Moment/Z_T_azobenzene.dipole.jpg'; Not creating file due to previous errors
digichem: ERROR: Unable to get file '/tmp/hgt20/83ec3708c7e14fcb90fbec5b16c989e5/Report/image/Dipole Moment/Z_T_azobenzene.dipole.x0y90z0.jpg'
	File_maker_exception: Error making 'Permanent_dipole_image_maker' file '/tmp/hgt20/83ec3708c7e14fcb90fbec5b16c989e5/Report/image/Dipole Moment/Z_T_azobenzene.dipole.jpg'; Not creating file due to previous errors
digichem: ERROR: Unable to get file '/tmp/hgt20/83ec3708c7e14fcb90fbec5b16c989e5/Report/image/Dipole Moment/Z_T_azobenzene.dipole.x45y45z45.jpg'
	File_maker_exception: Error making 'Permanent_dipole_image_maker' file '/tmp/hgt20/83ec3708c7e14fcb90fbec5b16c989e5/Report/image/Dipole Moment/Z_T_azobenzene.dipole.jpg'; Not creating file due to previous errors
digichem: INFO: Rendering 'Z_T_azobenzene.HOMO.jpg' to file(s)
digichem: ERROR: Unable to get file '/tmp/hgt20/83ec3708c7e14fcb90fbec5b16c989e5/Report/image/HOMO/Z_T_azobenzene.HOMO.x0y0z0.jpg'
	File_maker_exception: Error making 'Orbital_image_maker' file '/tmp/hgt20/83ec3708c7e14fcb90fbec5b16c989e5/Report/image/HOMO/Z_T_azobenzene.HOMO.jpg'; Could not locate vmd executable 'vmd'
	FileNotFoundError: [Errno 2] No such file or directory: 'vmd'
digichem: ERROR: Unable to get file '/tmp/hgt20/83ec3708c7e14fcb90fbec5b16c989e5/Report/image/HOMO/Z_T_azobenzene.HOMO.x90y0z0.jpg'
	File_maker_exception: Error making 'Orbital_image_maker' file '/tmp/hgt20/83ec3708c7e14fcb90fbec5b16c989e5/Report/image/HOMO/Z_T_azobenzene.HOMO.jpg'; Not creating file due to previous errors
digichem: ERROR: Unable to get file '/tmp/hgt20/83ec3708c7e14fcb90fbec5b16c989e5/Report/image/HOMO/Z_T_azobenzene.HOMO.x0y90z0.jpg'
	File_maker_exception: Error making 'Orbital_image_maker' file '/tmp/hgt20/83ec3708c7e14fcb90fbec5b16c989e5/Report/image/HOMO/Z_T_azobenzene.HOMO.jpg'; Not creating file due to previous errors
digichem: ERROR: Unable to get file '/tmp/hgt20/83ec3708c7e14fcb90fbec5b16c989e5/Report/image/HOMO/Z_T_azobenzene.HOMO.x45y45z45.jpg'
	File_maker_exception: Error making 'Orbital_image_maker' file '/tmp/hgt20/83ec3708c7e14fcb90fbec5b16c989e5/Report/image/HOMO/Z_T_azobenzene.HOMO.jpg'; Not creating file due to previous errors
digichem: INFO: Converting orca/gbw file 'Z_T_azobenzene.gbw' to gaussian/cube file 'Z_T_azobenzene.LUMO.cube'
digichem: INFO: File generation duration: 1 s (1.288368 total seconds)
digichem: INFO: Rendering 'Z_T_azobenzene.LUMO.jpg' to file(s)
digichem: ERROR: Unable to get file '/tmp/hgt20/83ec3708c7e14fcb90fbec5b16c989e5/Report/image/LUMO/Z_T_azobenzene.LUMO.x0y0z0.jpg'
	File_maker_exception: Error making 'Orbital_image_maker' file '/tmp/hgt20/83ec3708c7e14fcb90fbec5b16c989e5/Report/image/LUMO/Z_T_azobenzene.LUMO.jpg'; Could not locate vmd executable 'vmd'
	FileNotFoundError: [Errno 2] No such file or directory: 'vmd'
digichem: ERROR: Unable to get file '/tmp/hgt20/83ec3708c7e14fcb90fbec5b16c989e5/Report/image/LUMO/Z_T_azobenzene.LUMO.x90y0z0.jpg'
	File_maker_exception: Error making 'Orbital_image_maker' file '/tmp/hgt20/83ec3708c7e14fcb90fbec5b16c989e5/Report/image/LUMO/Z_T_azobenzene.LUMO.jpg'; Not creating file due to previous errors
digichem: ERROR: Unable to get file '/tmp/hgt20/83ec3708c7e14fcb90fbec5b16c989e5/Report/image/LUMO/Z_T_azobenzene.LUMO.x0y90z0.jpg'
	File_maker_exception: Error making 'Orbital_image_maker' file '/tmp/hgt20/83ec3708c7e14fcb90fbec5b16c989e5/Report/image/LUMO/Z_T_azobenzene.LUMO.jpg'; Not creating file due to previous errors
digichem: ERROR: Unable to get file '/tmp/hgt20/83ec3708c7e14fcb90fbec5b16c989e5/Report/image/LUMO/Z_T_azobenzene.LUMO.x45y45z45.jpg'
	File_maker_exception: Error making 'Orbital_image_maker' file '/tmp/hgt20/83ec3708c7e14fcb90fbec5b16c989e5/Report/image/LUMO/Z_T_azobenzene.LUMO.jpg'; Not creating file due to previous errors
digichem: INFO: Rendering 'Z_T_azobenzene.HOMO_LUMO.jpg' to file(s)
digichem: ERROR: Unable to get file '/tmp/hgt20/83ec3708c7e14fcb90fbec5b16c989e5/Report/image/HOMO LUMO/Z_T_azobenzene.HOMO_LUMO.x0y0z0.jpg'
	File_maker_exception: Error making 'Combined_orbital_image_maker' file '/tmp/hgt20/83ec3708c7e14fcb90fbec5b16c989e5/Report/image/HOMO LUMO/Z_T_azobenzene.HOMO_LUMO.jpg'; Could not locate vmd executable 'vmd'
	FileNotFoundError: [Errno 2] No such file or directory: 'vmd'
digichem: INFO: Rendering 'Z_T_azobenzene.HOMO_LUMO.jpg' to file(s)
digichem: ERROR: Unable to get file '/tmp/hgt20/83ec3708c7e14fcb90fbec5b16c989e5/Report/image/HOMO LUMO/Z_T_azobenzene.HOMO_LUMO.x90y0z0.jpg'
	File_maker_exception: Error making 'Combined_orbital_image_maker' file '/tmp/hgt20/83ec3708c7e14fcb90fbec5b16c989e5/Report/image/HOMO LUMO/Z_T_azobenzene.HOMO_LUMO.jpg'; Could not locate vmd executable 'vmd'
	FileNotFoundError: [Errno 2] No such file or directory: 'vmd'
digichem: INFO: Rendering 'Z_T_azobenzene.HOMO_LUMO.jpg' to file(s)
digichem: ERROR: Unable to get file '/tmp/hgt20/83ec3708c7e14fcb90fbec5b16c989e5/Report/image/HOMO LUMO/Z_T_azobenzene.HOMO_LUMO.x0y90z0.jpg'
	File_maker_exception: Error making 'Combined_orbital_image_maker' file '/tmp/hgt20/83ec3708c7e14fcb90fbec5b16c989e5/Report/image/HOMO LUMO/Z_T_azobenzene.HOMO_LUMO.jpg'; Could not locate vmd executable 'vmd'
	FileNotFoundError: [Errno 2] No such file or directory: 'vmd'
digichem: INFO: Rendering 'Z_T_azobenzene.HOMO_LUMO.jpg' to file(s)
digichem: ERROR: Unable to get file '/tmp/hgt20/83ec3708c7e14fcb90fbec5b16c989e5/Report/image/HOMO LUMO/Z_T_azobenzene.HOMO_LUMO.x45y45z45.jpg'
	File_maker_exception: Error making 'Combined_orbital_image_maker' file '/tmp/hgt20/83ec3708c7e14fcb90fbec5b16c989e5/Report/image/HOMO LUMO/Z_T_azobenzene.HOMO_LUMO.jpg'; Could not locate vmd executable 'vmd'
	FileNotFoundError: [Errno 2] No such file or directory: 'vmd'
digichem: INFO: Rendering 'Z_T_azobenzene.orbitals.png' to file(s)
digichem: INFO: File generation duration: 0 s (0.092559 total seconds)
digichem: INFO: Writing PDF file '/tmp/hgt20/83ec3708c7e14fcb90fbec5b16c989e5/Report/Z_T_azobenzene.traditional.pdf'
digichem: INFO: Pre-generating cube files using 1 threads because 'cubegen_parallel': 'pool'...
digichem: INFO: Rendering 'Z_T_azobenzene.skeletal.png' to file(s)
digichem: INFO: File generation duration: 0 s (0.070254 total seconds)
digichem: INFO: Rendering 'Z_T_azobenzene.HOMO_LUMO.png' to file(s)
digichem: INFO: File generation duration: 0 s (0.084853 total seconds)
digichem: INFO: Rendering 'Z_T_azobenzene.structure.jpg' to file(s)
digichem: ERROR: Unable to get file '/tmp/hgt20/83ec3708c7e14fcb90fbec5b16c989e5/Report/image/Structure/Z_T_azobenzene.structure.x0y0z0.jpg'
	File_maker_exception: Error making 'Structure_image_maker' file '/tmp/hgt20/83ec3708c7e14fcb90fbec5b16c989e5/Report/image/Structure/Z_T_azobenzene.structure.jpg'; Could not locate vmd executable 'vmd'
	FileNotFoundError: [Errno 2] No such file or directory: 'vmd'
digichem: INFO: Rendering 'Z_T_azobenzene.SCF.jpg' to file(s)
digichem: ERROR: Unable to get file '/tmp/hgt20/83ec3708c7e14fcb90fbec5b16c989e5/Report/image/Density/Z_T_azobenzene.SCF.x0y0z0.jpg'
	File_maker_exception: Error making 'Density_image_maker' file '/tmp/hgt20/83ec3708c7e14fcb90fbec5b16c989e5/Report/image/Density/Z_T_azobenzene.SCF.jpg'; Could not locate vmd executable 'vmd'
	FileNotFoundError: [Errno 2] No such file or directory: 'vmd'
digichem: ERROR: Unable to get file '/tmp/hgt20/83ec3708c7e14fcb90fbec5b16c989e5/Report/image/Density/Z_T_azobenzene.SCF.x90y0z0.jpg'
	File_maker_exception: Error making 'Density_image_maker' file '/tmp/hgt20/83ec3708c7e14fcb90fbec5b16c989e5/Report/image/Density/Z_T_azobenzene.SCF.jpg'; Not creating file due to previous errors
digichem: ERROR: Unable to get file '/tmp/hgt20/83ec3708c7e14fcb90fbec5b16c989e5/Report/image/Density/Z_T_azobenzene.SCF.x0y90z0.jpg'
	File_maker_exception: Error making 'Density_image_maker' file '/tmp/hgt20/83ec3708c7e14fcb90fbec5b16c989e5/Report/image/Density/Z_T_azobenzene.SCF.jpg'; Not creating file due to previous errors
digichem: ERROR: Unable to get file '/tmp/hgt20/83ec3708c7e14fcb90fbec5b16c989e5/Report/image/Density/Z_T_azobenzene.SCF.x45y45z45.jpg'
	File_maker_exception: Error making 'Density_image_maker' file '/tmp/hgt20/83ec3708c7e14fcb90fbec5b16c989e5/Report/image/Density/Z_T_azobenzene.SCF.jpg'; Not creating file due to previous errors
digichem: ERROR: Unable to get file '/tmp/hgt20/83ec3708c7e14fcb90fbec5b16c989e5/Report/image/Structure/Z_T_azobenzene.structure.x0y0z0.jpg'
	File_maker_exception: Error making 'Structure_image_maker' file '/tmp/hgt20/83ec3708c7e14fcb90fbec5b16c989e5/Report/image/Structure/Z_T_azobenzene.structure.jpg'; Not creating file due to previous errors
digichem: ERROR: Unable to get file '/tmp/hgt20/83ec3708c7e14fcb90fbec5b16c989e5/Report/image/Structure/Z_T_azobenzene.structure.x90y0z0.jpg'
	File_maker_exception: Error making 'Structure_image_maker' file '/tmp/hgt20/83ec3708c7e14fcb90fbec5b16c989e5/Report/image/Structure/Z_T_azobenzene.structure.jpg'; Not creating file due to previous errors
digichem: ERROR: Unable to get file '/tmp/hgt20/83ec3708c7e14fcb90fbec5b16c989e5/Report/image/Structure/Z_T_azobenzene.structure.x0y90z0.jpg'
	File_maker_exception: Error making 'Structure_image_maker' file '/tmp/hgt20/83ec3708c7e14fcb90fbec5b16c989e5/Report/image/Structure/Z_T_azobenzene.structure.jpg'; Not creating file due to previous errors
digichem: ERROR: Unable to get file '/tmp/hgt20/83ec3708c7e14fcb90fbec5b16c989e5/Report/image/Structure/Z_T_azobenzene.structure.x45y45z45.jpg'
	File_maker_exception: Error making 'Structure_image_maker' file '/tmp/hgt20/83ec3708c7e14fcb90fbec5b16c989e5/Report/image/Structure/Z_T_azobenzene.structure.jpg'; Not creating file due to previous errors
digichem: INFO: Rendering 'Z_T_azobenzene.dipole.jpg' to file(s)
digichem: ERROR: Unable to get file '/tmp/hgt20/83ec3708c7e14fcb90fbec5b16c989e5/Report/image/Dipole Moment/Z_T_azobenzene.dipole.x0y0z0.jpg'
	File_maker_exception: Error making 'Permanent_dipole_image_maker' file '/tmp/hgt20/83ec3708c7e14fcb90fbec5b16c989e5/Report/image/Dipole Moment/Z_T_azobenzene.dipole.jpg'; Could not locate vmd executable 'vmd'
	FileNotFoundError: [Errno 2] No such file or directory: 'vmd'
digichem: ERROR: Unable to get file '/tmp/hgt20/83ec3708c7e14fcb90fbec5b16c989e5/Report/image/Dipole Moment/Z_T_azobenzene.dipole.x90y0z0.jpg'
	File_maker_exception: Error making 'Permanent_dipole_image_maker' file '/tmp/hgt20/83ec3708c7e14fcb90fbec5b16c989e5/Report/image/Dipole Moment/Z_T_azobenzene.dipole.jpg'; Not creating file due to previous errors
digichem: ERROR: Unable to get file '/tmp/hgt20/83ec3708c7e14fcb90fbec5b16c989e5/Report/image/Dipole Moment/Z_T_azobenzene.dipole.x0y90z0.jpg'
	File_maker_exception: Error making 'Permanent_dipole_image_maker' file '/tmp/hgt20/83ec3708c7e14fcb90fbec5b16c989e5/Report/image/Dipole Moment/Z_T_azobenzene.dipole.jpg'; Not creating file due to previous errors
digichem: ERROR: Unable to get file '/tmp/hgt20/83ec3708c7e14fcb90fbec5b16c989e5/Report/image/Dipole Moment/Z_T_azobenzene.dipole.x45y45z45.jpg'
	File_maker_exception: Error making 'Permanent_dipole_image_maker' file '/tmp/hgt20/83ec3708c7e14fcb90fbec5b16c989e5/Report/image/Dipole Moment/Z_T_azobenzene.dipole.jpg'; Not creating file due to previous errors
digichem: INFO: Rendering 'Z_T_azobenzene.orbitals.png' to file(s)
digichem: INFO: File generation duration: 0 s (0.090156 total seconds)
digichem: INFO: Rendering 'Z_T_azobenzene.HOMO.jpg' to file(s)
digichem: ERROR: Unable to get file '/tmp/hgt20/83ec3708c7e14fcb90fbec5b16c989e5/Report/image/HOMO/Z_T_azobenzene.HOMO.x0y0z0.jpg'
	File_maker_exception: Error making 'Orbital_image_maker' file '/tmp/hgt20/83ec3708c7e14fcb90fbec5b16c989e5/Report/image/HOMO/Z_T_azobenzene.HOMO.jpg'; Could not locate vmd executable 'vmd'
	FileNotFoundError: [Errno 2] No such file or directory: 'vmd'
digichem: ERROR: Unable to get file '/tmp/hgt20/83ec3708c7e14fcb90fbec5b16c989e5/Report/image/HOMO/Z_T_azobenzene.HOMO.x90y0z0.jpg'
	File_maker_exception: Error making 'Orbital_image_maker' file '/tmp/hgt20/83ec3708c7e14fcb90fbec5b16c989e5/Report/image/HOMO/Z_T_azobenzene.HOMO.jpg'; Not creating file due to previous errors
digichem: ERROR: Unable to get file '/tmp/hgt20/83ec3708c7e14fcb90fbec5b16c989e5/Report/image/HOMO/Z_T_azobenzene.HOMO.x0y90z0.jpg'
	File_maker_exception: Error making 'Orbital_image_maker' file '/tmp/hgt20/83ec3708c7e14fcb90fbec5b16c989e5/Report/image/HOMO/Z_T_azobenzene.HOMO.jpg'; Not creating file due to previous errors
digichem: ERROR: Unable to get file '/tmp/hgt20/83ec3708c7e14fcb90fbec5b16c989e5/Report/image/HOMO/Z_T_azobenzene.HOMO.x45y45z45.jpg'
	File_maker_exception: Error making 'Orbital_image_maker' file '/tmp/hgt20/83ec3708c7e14fcb90fbec5b16c989e5/Report/image/HOMO/Z_T_azobenzene.HOMO.jpg'; Not creating file due to previous errors
digichem: INFO: Rendering 'Z_T_azobenzene.LUMO.jpg' to file(s)
digichem: ERROR: Unable to get file '/tmp/hgt20/83ec3708c7e14fcb90fbec5b16c989e5/Report/image/LUMO/Z_T_azobenzene.LUMO.x0y0z0.jpg'
	File_maker_exception: Error making 'Orbital_image_maker' file '/tmp/hgt20/83ec3708c7e14fcb90fbec5b16c989e5/Report/image/LUMO/Z_T_azobenzene.LUMO.jpg'; Could not locate vmd executable 'vmd'
	FileNotFoundError: [Errno 2] No such file or directory: 'vmd'
digichem: ERROR: Unable to get file '/tmp/hgt20/83ec3708c7e14fcb90fbec5b16c989e5/Report/image/LUMO/Z_T_azobenzene.LUMO.x90y0z0.jpg'
	File_maker_exception: Error making 'Orbital_image_maker' file '/tmp/hgt20/83ec3708c7e14fcb90fbec5b16c989e5/Report/image/LUMO/Z_T_azobenzene.LUMO.jpg'; Not creating file due to previous errors
digichem: ERROR: Unable to get file '/tmp/hgt20/83ec3708c7e14fcb90fbec5b16c989e5/Report/image/LUMO/Z_T_azobenzene.LUMO.x0y90z0.jpg'
	File_maker_exception: Error making 'Orbital_image_maker' file '/tmp/hgt20/83ec3708c7e14fcb90fbec5b16c989e5/Report/image/LUMO/Z_T_azobenzene.LUMO.jpg'; Not creating file due to previous errors
digichem: ERROR: Unable to get file '/tmp/hgt20/83ec3708c7e14fcb90fbec5b16c989e5/Report/image/LUMO/Z_T_azobenzene.LUMO.x45y45z45.jpg'
	File_maker_exception: Error making 'Orbital_image_maker' file '/tmp/hgt20/83ec3708c7e14fcb90fbec5b16c989e5/Report/image/LUMO/Z_T_azobenzene.LUMO.jpg'; Not creating file due to previous errors
digichem: INFO: Rendering 'Z_T_azobenzene.HOMO_LUMO.jpg' to file(s)
digichem: ERROR: Unable to get file '/tmp/hgt20/83ec3708c7e14fcb90fbec5b16c989e5/Report/image/HOMO LUMO/Z_T_azobenzene.HOMO_LUMO.x0y0z0.jpg'
	File_maker_exception: Error making 'Combined_orbital_image_maker' file '/tmp/hgt20/83ec3708c7e14fcb90fbec5b16c989e5/Report/image/HOMO LUMO/Z_T_azobenzene.HOMO_LUMO.jpg'; Could not locate vmd executable 'vmd'
	FileNotFoundError: [Errno 2] No such file or directory: 'vmd'
digichem: INFO: Rendering 'Z_T_azobenzene.HOMO_LUMO.jpg' to file(s)
digichem: ERROR: Unable to get file '/tmp/hgt20/83ec3708c7e14fcb90fbec5b16c989e5/Report/image/HOMO LUMO/Z_T_azobenzene.HOMO_LUMO.x90y0z0.jpg'
	File_maker_exception: Error making 'Combined_orbital_image_maker' file '/tmp/hgt20/83ec3708c7e14fcb90fbec5b16c989e5/Report/image/HOMO LUMO/Z_T_azobenzene.HOMO_LUMO.jpg'; Could not locate vmd executable 'vmd'
	FileNotFoundError: [Errno 2] No such file or directory: 'vmd'
digichem: INFO: Rendering 'Z_T_azobenzene.HOMO_LUMO.jpg' to file(s)
digichem: ERROR: Unable to get file '/tmp/hgt20/83ec3708c7e14fcb90fbec5b16c989e5/Report/image/HOMO LUMO/Z_T_azobenzene.HOMO_LUMO.x0y90z0.jpg'
	File_maker_exception: Error making 'Combined_orbital_image_maker' file '/tmp/hgt20/83ec3708c7e14fcb90fbec5b16c989e5/Report/image/HOMO LUMO/Z_T_azobenzene.HOMO_LUMO.jpg'; Could not locate vmd executable 'vmd'
	FileNotFoundError: [Errno 2] No such file or directory: 'vmd'
digichem: INFO: Rendering 'Z_T_azobenzene.HOMO_LUMO.jpg' to file(s)
digichem: ERROR: Unable to get file '/tmp/hgt20/83ec3708c7e14fcb90fbec5b16c989e5/Report/image/HOMO LUMO/Z_T_azobenzene.HOMO_LUMO.x45y45z45.jpg'
	File_maker_exception: Error making 'Combined_orbital_image_maker' file '/tmp/hgt20/83ec3708c7e14fcb90fbec5b16c989e5/Report/image/HOMO LUMO/Z_T_azobenzene.HOMO_LUMO.jpg'; Could not locate vmd executable 'vmd'
	FileNotFoundError: [Errno 2] No such file or directory: 'vmd'
digichem: INFO: Writing PDF file '/tmp/hgt20/83ec3708c7e14fcb90fbec5b16c989e5/Report/Z_T_azobenzene.journal.pdf'
digichem: INFO: Moving report files from scratch dir...
digichem: INFO: Post-processing complete
digichem: INFO: Post-processing duration: 51 s (50.921724 total seconds)
digichem: INFO: Starting cleanup
digichem: INFO: Cleanup complete
digichem: INFO: Cleanup duration: 0 s (0.010247 total seconds)
digichem: INFO: Handling of calculation '1CPU 4GB SP B3LYP (GD3BJ) RIJCOSX def2-SVP' complete
digichem: INFO: Total calculation handling duration: 3 m, 7 s (187.381503 total seconds)
