digichem: INFO: Starting calculation '1CPU 4GB TD-DFT 2 Singlets B3LYP (GD3BJ) RIJCOSX def2-SVP' on 04/09/2025 17:57:58
digichem: INFO: Scratch directory is: '/tmp/hgt20/4add3f34755c465dba5dc73ad29e399c'
digichem: INFO: Host is: 'cx3-4-27.cx3.hpc.ic.ac.uk'
digichem: INFO: Calculation end on 04/09/2025 18:01:01
digichem: INFO: Calculation duration: 3 m, 4 s (183.517949 total seconds)
digichem: INFO: Starting post-processing
digichem: INFO: Parsing calculation result '/rds/general/user/hgt20/home/azobenzene-symmetry/Z_azobenzene/Orca 5.0.3 1CPU 4GB TD-DFT 2 Singlets B3LYP (GD3BJ) RIJCOSX def2-SVP/Output/Z_azobenzene.log'
digichem: INFO: Waiting for database lock on file '/rds/general/user/hgt20/home/.digichem/digichem.main.db/.silico_lock'
digichem: INFO: Acquired database lock
digichem: INFO: Flushing database
digichem: INFO: Pre-generating cube files using 1 threads because 'cubegen_parallel': 'pool'...
digichem: INFO: Rendering 'Z_azobenzene.skeletal.png' to file(s)
digichem: INFO: File generation duration: 0 s (0.097467 total seconds)
digichem: INFO: Rendering 'Z_azobenzene.HOMO_LUMO.png' to file(s)
digichem: INFO: File generation duration: 0 s (0.091895 total seconds)
digichem: INFO: Converting orca/gbw file 'Z_azobenzene.gbw' to gaussian/cube file 'Z_azobenzene.HOMO.cube'
digichem: INFO: File generation duration: 1 s (1.254804 total seconds)
digichem: INFO: Rendering 'Z_azobenzene.structure.jpg' to file(s)
digichem: ERROR: Unable to get file '/tmp/hgt20/4add3f34755c465dba5dc73ad29e399c/Report/image/Structure/Z_azobenzene.structure.x0y0z0.jpg'
	File_maker_exception: Error making 'Structure_image_maker' file '/tmp/hgt20/4add3f34755c465dba5dc73ad29e399c/Report/image/Structure/Z_azobenzene.structure.jpg'; Could not locate vmd executable 'vmd'
	FileNotFoundError: [Errno 2] No such file or directory: 'vmd'
digichem: ERROR: Unable to get file '/tmp/hgt20/4add3f34755c465dba5dc73ad29e399c/Report/image/Structure/Z_azobenzene.structure.x0y0z0.jpg'
	File_maker_exception: Error making 'Structure_image_maker' file '/tmp/hgt20/4add3f34755c465dba5dc73ad29e399c/Report/image/Structure/Z_azobenzene.structure.jpg'; Not creating file due to previous errors
digichem: ERROR: Unable to get file '/tmp/hgt20/4add3f34755c465dba5dc73ad29e399c/Report/image/Structure/Z_azobenzene.structure.x90y0z0.jpg'
	File_maker_exception: Error making 'Structure_image_maker' file '/tmp/hgt20/4add3f34755c465dba5dc73ad29e399c/Report/image/Structure/Z_azobenzene.structure.jpg'; Not creating file due to previous errors
digichem: ERROR: Unable to get file '/tmp/hgt20/4add3f34755c465dba5dc73ad29e399c/Report/image/Structure/Z_azobenzene.structure.x0y90z0.jpg'
	File_maker_exception: Error making 'Structure_image_maker' file '/tmp/hgt20/4add3f34755c465dba5dc73ad29e399c/Report/image/Structure/Z_azobenzene.structure.jpg'; Not creating file due to previous errors
digichem: ERROR: Unable to get file '/tmp/hgt20/4add3f34755c465dba5dc73ad29e399c/Report/image/Structure/Z_azobenzene.structure.x45y45z45.jpg'
	File_maker_exception: Error making 'Structure_image_maker' file '/tmp/hgt20/4add3f34755c465dba5dc73ad29e399c/Report/image/Structure/Z_azobenzene.structure.jpg'; Not creating file due to previous errors
digichem: INFO: Converting orca/gbw file 'Z_azobenzene.gbw' to gaussian/cube file 'Z_azobenzene.SCF.cube'
digichem: INFO: File generation duration: 30 s (30.296027 total seconds)
digichem: INFO: Rendering 'Z_azobenzene.SCF.jpg' to file(s)
digichem: ERROR: Unable to get file '/tmp/hgt20/4add3f34755c465dba5dc73ad29e399c/Report/image/Density/Z_azobenzene.SCF.x0y0z0.jpg'
	File_maker_exception: Error making 'Density_image_maker' file '/tmp/hgt20/4add3f34755c465dba5dc73ad29e399c/Report/image/Density/Z_azobenzene.SCF.jpg'; Could not locate vmd executable 'vmd'
	FileNotFoundError: [Errno 2] No such file or directory: 'vmd'
digichem: ERROR: Unable to get file '/tmp/hgt20/4add3f34755c465dba5dc73ad29e399c/Report/image/Density/Z_azobenzene.SCF.x90y0z0.jpg'
	File_maker_exception: Error making 'Density_image_maker' file '/tmp/hgt20/4add3f34755c465dba5dc73ad29e399c/Report/image/Density/Z_azobenzene.SCF.jpg'; Not creating file due to previous errors
digichem: ERROR: Unable to get file '/tmp/hgt20/4add3f34755c465dba5dc73ad29e399c/Report/image/Density/Z_azobenzene.SCF.x0y90z0.jpg'
	File_maker_exception: Error making 'Density_image_maker' file '/tmp/hgt20/4add3f34755c465dba5dc73ad29e399c/Report/image/Density/Z_azobenzene.SCF.jpg'; Not creating file due to previous errors
digichem: ERROR: Unable to get file '/tmp/hgt20/4add3f34755c465dba5dc73ad29e399c/Report/image/Density/Z_azobenzene.SCF.x45y45z45.jpg'
	File_maker_exception: Error making 'Density_image_maker' file '/tmp/hgt20/4add3f34755c465dba5dc73ad29e399c/Report/image/Density/Z_azobenzene.SCF.jpg'; Not creating file due to previous errors
digichem: INFO: Rendering 'Z_azobenzene.dipole.jpg' to file(s)
digichem: ERROR: Unable to get file '/tmp/hgt20/4add3f34755c465dba5dc73ad29e399c/Report/image/Dipole Moment/Z_azobenzene.dipole.x0y0z0.jpg'
	File_maker_exception: Error making 'Permanent_dipole_image_maker' file '/tmp/hgt20/4add3f34755c465dba5dc73ad29e399c/Report/image/Dipole Moment/Z_azobenzene.dipole.jpg'; Could not locate vmd executable 'vmd'
	FileNotFoundError: [Errno 2] No such file or directory: 'vmd'
digichem: ERROR: Unable to get file '/tmp/hgt20/4add3f34755c465dba5dc73ad29e399c/Report/image/Dipole Moment/Z_azobenzene.dipole.x90y0z0.jpg'
	File_maker_exception: Error making 'Permanent_dipole_image_maker' file '/tmp/hgt20/4add3f34755c465dba5dc73ad29e399c/Report/image/Dipole Moment/Z_azobenzene.dipole.jpg'; Not creating file due to previous errors
digichem: ERROR: Unable to get file '/tmp/hgt20/4add3f34755c465dba5dc73ad29e399c/Report/image/Dipole Moment/Z_azobenzene.dipole.x0y90z0.jpg'
	File_maker_exception: Error making 'Permanent_dipole_image_maker' file '/tmp/hgt20/4add3f34755c465dba5dc73ad29e399c/Report/image/Dipole Moment/Z_azobenzene.dipole.jpg'; Not creating file due to previous errors
digichem: ERROR: Unable to get file '/tmp/hgt20/4add3f34755c465dba5dc73ad29e399c/Report/image/Dipole Moment/Z_azobenzene.dipole.x45y45z45.jpg'
	File_maker_exception: Error making 'Permanent_dipole_image_maker' file '/tmp/hgt20/4add3f34755c465dba5dc73ad29e399c/Report/image/Dipole Moment/Z_azobenzene.dipole.jpg'; Not creating file due to previous errors
digichem: INFO: Rendering 'Z_azobenzene.HOMO.jpg' to file(s)
digichem: ERROR: Unable to get file '/tmp/hgt20/4add3f34755c465dba5dc73ad29e399c/Report/image/HOMO/Z_azobenzene.HOMO.x0y0z0.jpg'
	File_maker_exception: Error making 'Orbital_image_maker' file '/tmp/hgt20/4add3f34755c465dba5dc73ad29e399c/Report/image/HOMO/Z_azobenzene.HOMO.jpg'; Could not locate vmd executable 'vmd'
	FileNotFoundError: [Errno 2] No such file or directory: 'vmd'
digichem: ERROR: Unable to get file '/tmp/hgt20/4add3f34755c465dba5dc73ad29e399c/Report/image/HOMO/Z_azobenzene.HOMO.x90y0z0.jpg'
	File_maker_exception: Error making 'Orbital_image_maker' file '/tmp/hgt20/4add3f34755c465dba5dc73ad29e399c/Report/image/HOMO/Z_azobenzene.HOMO.jpg'; Not creating file due to previous errors
digichem: ERROR: Unable to get file '/tmp/hgt20/4add3f34755c465dba5dc73ad29e399c/Report/image/HOMO/Z_azobenzene.HOMO.x0y90z0.jpg'
	File_maker_exception: Error making 'Orbital_image_maker' file '/tmp/hgt20/4add3f34755c465dba5dc73ad29e399c/Report/image/HOMO/Z_azobenzene.HOMO.jpg'; Not creating file due to previous errors
digichem: ERROR: Unable to get file '/tmp/hgt20/4add3f34755c465dba5dc73ad29e399c/Report/image/HOMO/Z_azobenzene.HOMO.x45y45z45.jpg'
	File_maker_exception: Error making 'Orbital_image_maker' file '/tmp/hgt20/4add3f34755c465dba5dc73ad29e399c/Report/image/HOMO/Z_azobenzene.HOMO.jpg'; Not creating file due to previous errors
digichem: INFO: Converting orca/gbw file 'Z_azobenzene.gbw' to gaussian/cube file 'Z_azobenzene.LUMO.cube'
digichem: INFO: File generation duration: 1 s (1.25243 total seconds)
digichem: INFO: Rendering 'Z_azobenzene.LUMO.jpg' to file(s)
digichem: ERROR: Unable to get file '/tmp/hgt20/4add3f34755c465dba5dc73ad29e399c/Report/image/LUMO/Z_azobenzene.LUMO.x0y0z0.jpg'
	File_maker_exception: Error making 'Orbital_image_maker' file '/tmp/hgt20/4add3f34755c465dba5dc73ad29e399c/Report/image/LUMO/Z_azobenzene.LUMO.jpg'; Could not locate vmd executable 'vmd'
	FileNotFoundError: [Errno 2] No such file or directory: 'vmd'
digichem: ERROR: Unable to get file '/tmp/hgt20/4add3f34755c465dba5dc73ad29e399c/Report/image/LUMO/Z_azobenzene.LUMO.x90y0z0.jpg'
	File_maker_exception: Error making 'Orbital_image_maker' file '/tmp/hgt20/4add3f34755c465dba5dc73ad29e399c/Report/image/LUMO/Z_azobenzene.LUMO.jpg'; Not creating file due to previous errors
digichem: ERROR: Unable to get file '/tmp/hgt20/4add3f34755c465dba5dc73ad29e399c/Report/image/LUMO/Z_azobenzene.LUMO.x0y90z0.jpg'
	File_maker_exception: Error making 'Orbital_image_maker' file '/tmp/hgt20/4add3f34755c465dba5dc73ad29e399c/Report/image/LUMO/Z_azobenzene.LUMO.jpg'; Not creating file due to previous errors
digichem: ERROR: Unable to get file '/tmp/hgt20/4add3f34755c465dba5dc73ad29e399c/Report/image/LUMO/Z_azobenzene.LUMO.x45y45z45.jpg'
	File_maker_exception: Error making 'Orbital_image_maker' file '/tmp/hgt20/4add3f34755c465dba5dc73ad29e399c/Report/image/LUMO/Z_azobenzene.LUMO.jpg'; Not creating file due to previous errors
digichem: INFO: Rendering 'Z_azobenzene.HOMO_LUMO.jpg' to file(s)
digichem: ERROR: Unable to get file '/tmp/hgt20/4add3f34755c465dba5dc73ad29e399c/Report/image/HOMO LUMO/Z_azobenzene.HOMO_LUMO.x0y0z0.jpg'
	File_maker_exception: Error making 'Combined_orbital_image_maker' file '/tmp/hgt20/4add3f34755c465dba5dc73ad29e399c/Report/image/HOMO LUMO/Z_azobenzene.HOMO_LUMO.jpg'; Could not locate vmd executable 'vmd'
	FileNotFoundError: [Errno 2] No such file or directory: 'vmd'
digichem: INFO: Rendering 'Z_azobenzene.HOMO_LUMO.jpg' to file(s)
digichem: ERROR: Unable to get file '/tmp/hgt20/4add3f34755c465dba5dc73ad29e399c/Report/image/HOMO LUMO/Z_azobenzene.HOMO_LUMO.x90y0z0.jpg'
	File_maker_exception: Error making 'Combined_orbital_image_maker' file '/tmp/hgt20/4add3f34755c465dba5dc73ad29e399c/Report/image/HOMO LUMO/Z_azobenzene.HOMO_LUMO.jpg'; Could not locate vmd executable 'vmd'
	FileNotFoundError: [Errno 2] No such file or directory: 'vmd'
digichem: INFO: Rendering 'Z_azobenzene.HOMO_LUMO.jpg' to file(s)
digichem: ERROR: Unable to get file '/tmp/hgt20/4add3f34755c465dba5dc73ad29e399c/Report/image/HOMO LUMO/Z_azobenzene.HOMO_LUMO.x0y90z0.jpg'
	File_maker_exception: Error making 'Combined_orbital_image_maker' file '/tmp/hgt20/4add3f34755c465dba5dc73ad29e399c/Report/image/HOMO LUMO/Z_azobenzene.HOMO_LUMO.jpg'; Could not locate vmd executable 'vmd'
	FileNotFoundError: [Errno 2] No such file or directory: 'vmd'
digichem: INFO: Rendering 'Z_azobenzene.HOMO_LUMO.jpg' to file(s)
digichem: ERROR: Unable to get file '/tmp/hgt20/4add3f34755c465dba5dc73ad29e399c/Report/image/HOMO LUMO/Z_azobenzene.HOMO_LUMO.x45y45z45.jpg'
	File_maker_exception: Error making 'Combined_orbital_image_maker' file '/tmp/hgt20/4add3f34755c465dba5dc73ad29e399c/Report/image/HOMO LUMO/Z_azobenzene.HOMO_LUMO.jpg'; Could not locate vmd executable 'vmd'
	FileNotFoundError: [Errno 2] No such file or directory: 'vmd'
digichem: INFO: Rendering 'Z_azobenzene.orbitals.png' to file(s)
digichem: INFO: File generation duration: 0 s (0.227112 total seconds)
digichem: INFO: Rendering 'Z_azobenzene.excited_states.png' to file(s)
digichem: INFO: File generation duration: 0 s (0.22815 total seconds)
digichem: INFO: Rendering 'Z_azobenzene.simulated_absorption_spectrum.png' to file(s)
digichem: INFO: File generation duration: 0 s (0.226936 total seconds)
digichem: INFO: Writing PDF file '/tmp/hgt20/4add3f34755c465dba5dc73ad29e399c/Report/Z_azobenzene.traditional.pdf'
digichem: INFO: Pre-generating cube files using 1 threads because 'cubegen_parallel': 'pool'...
digichem: INFO: Rendering 'Z_azobenzene.skeletal.png' to file(s)
digichem: INFO: File generation duration: 0 s (0.079907 total seconds)
digichem: INFO: Rendering 'Z_azobenzene.HOMO_LUMO.png' to file(s)
digichem: INFO: File generation duration: 0 s (0.076923 total seconds)
digichem: INFO: Rendering 'Z_azobenzene.structure.jpg' to file(s)
digichem: ERROR: Unable to get file '/tmp/hgt20/4add3f34755c465dba5dc73ad29e399c/Report/image/Structure/Z_azobenzene.structure.x0y0z0.jpg'
	File_maker_exception: Error making 'Structure_image_maker' file '/tmp/hgt20/4add3f34755c465dba5dc73ad29e399c/Report/image/Structure/Z_azobenzene.structure.jpg'; Could not locate vmd executable 'vmd'
	FileNotFoundError: [Errno 2] No such file or directory: 'vmd'
digichem: INFO: Rendering 'Z_azobenzene.simulated_absorption_spectrum.png' to file(s)
digichem: INFO: File generation duration: 0 s (0.222463 total seconds)
digichem: INFO: Rendering 'Z_azobenzene.SCF.jpg' to file(s)
digichem: ERROR: Unable to get file '/tmp/hgt20/4add3f34755c465dba5dc73ad29e399c/Report/image/Density/Z_azobenzene.SCF.x0y0z0.jpg'
	File_maker_exception: Error making 'Density_image_maker' file '/tmp/hgt20/4add3f34755c465dba5dc73ad29e399c/Report/image/Density/Z_azobenzene.SCF.jpg'; Could not locate vmd executable 'vmd'
	FileNotFoundError: [Errno 2] No such file or directory: 'vmd'
digichem: ERROR: Unable to get file '/tmp/hgt20/4add3f34755c465dba5dc73ad29e399c/Report/image/Density/Z_azobenzene.SCF.x90y0z0.jpg'
	File_maker_exception: Error making 'Density_image_maker' file '/tmp/hgt20/4add3f34755c465dba5dc73ad29e399c/Report/image/Density/Z_azobenzene.SCF.jpg'; Not creating file due to previous errors
digichem: ERROR: Unable to get file '/tmp/hgt20/4add3f34755c465dba5dc73ad29e399c/Report/image/Density/Z_azobenzene.SCF.x0y90z0.jpg'
	File_maker_exception: Error making 'Density_image_maker' file '/tmp/hgt20/4add3f34755c465dba5dc73ad29e399c/Report/image/Density/Z_azobenzene.SCF.jpg'; Not creating file due to previous errors
digichem: ERROR: Unable to get file '/tmp/hgt20/4add3f34755c465dba5dc73ad29e399c/Report/image/Density/Z_azobenzene.SCF.x45y45z45.jpg'
	File_maker_exception: Error making 'Density_image_maker' file '/tmp/hgt20/4add3f34755c465dba5dc73ad29e399c/Report/image/Density/Z_azobenzene.SCF.jpg'; Not creating file due to previous errors
digichem: ERROR: Unable to get file '/tmp/hgt20/4add3f34755c465dba5dc73ad29e399c/Report/image/Structure/Z_azobenzene.structure.x0y0z0.jpg'
	File_maker_exception: Error making 'Structure_image_maker' file '/tmp/hgt20/4add3f34755c465dba5dc73ad29e399c/Report/image/Structure/Z_azobenzene.structure.jpg'; Not creating file due to previous errors
digichem: ERROR: Unable to get file '/tmp/hgt20/4add3f34755c465dba5dc73ad29e399c/Report/image/Structure/Z_azobenzene.structure.x90y0z0.jpg'
	File_maker_exception: Error making 'Structure_image_maker' file '/tmp/hgt20/4add3f34755c465dba5dc73ad29e399c/Report/image/Structure/Z_azobenzene.structure.jpg'; Not creating file due to previous errors
digichem: ERROR: Unable to get file '/tmp/hgt20/4add3f34755c465dba5dc73ad29e399c/Report/image/Structure/Z_azobenzene.structure.x0y90z0.jpg'
	File_maker_exception: Error making 'Structure_image_maker' file '/tmp/hgt20/4add3f34755c465dba5dc73ad29e399c/Report/image/Structure/Z_azobenzene.structure.jpg'; Not creating file due to previous errors
digichem: ERROR: Unable to get file '/tmp/hgt20/4add3f34755c465dba5dc73ad29e399c/Report/image/Structure/Z_azobenzene.structure.x45y45z45.jpg'
	File_maker_exception: Error making 'Structure_image_maker' file '/tmp/hgt20/4add3f34755c465dba5dc73ad29e399c/Report/image/Structure/Z_azobenzene.structure.jpg'; Not creating file due to previous errors
digichem: INFO: Rendering 'Z_azobenzene.dipole.jpg' to file(s)
digichem: ERROR: Unable to get file '/tmp/hgt20/4add3f34755c465dba5dc73ad29e399c/Report/image/Dipole Moment/Z_azobenzene.dipole.x0y0z0.jpg'
	File_maker_exception: Error making 'Permanent_dipole_image_maker' file '/tmp/hgt20/4add3f34755c465dba5dc73ad29e399c/Report/image/Dipole Moment/Z_azobenzene.dipole.jpg'; Could not locate vmd executable 'vmd'
	FileNotFoundError: [Errno 2] No such file or directory: 'vmd'
digichem: ERROR: Unable to get file '/tmp/hgt20/4add3f34755c465dba5dc73ad29e399c/Report/image/Dipole Moment/Z_azobenzene.dipole.x90y0z0.jpg'
	File_maker_exception: Error making 'Permanent_dipole_image_maker' file '/tmp/hgt20/4add3f34755c465dba5dc73ad29e399c/Report/image/Dipole Moment/Z_azobenzene.dipole.jpg'; Not creating file due to previous errors
digichem: ERROR: Unable to get file '/tmp/hgt20/4add3f34755c465dba5dc73ad29e399c/Report/image/Dipole Moment/Z_azobenzene.dipole.x0y90z0.jpg'
	File_maker_exception: Error making 'Permanent_dipole_image_maker' file '/tmp/hgt20/4add3f34755c465dba5dc73ad29e399c/Report/image/Dipole Moment/Z_azobenzene.dipole.jpg'; Not creating file due to previous errors
digichem: ERROR: Unable to get file '/tmp/hgt20/4add3f34755c465dba5dc73ad29e399c/Report/image/Dipole Moment/Z_azobenzene.dipole.x45y45z45.jpg'
	File_maker_exception: Error making 'Permanent_dipole_image_maker' file '/tmp/hgt20/4add3f34755c465dba5dc73ad29e399c/Report/image/Dipole Moment/Z_azobenzene.dipole.jpg'; Not creating file due to previous errors
digichem: INFO: Rendering 'Z_azobenzene.orbitals.png' to file(s)
digichem: INFO: File generation duration: 0 s (0.077378 total seconds)
digichem: INFO: Rendering 'Z_azobenzene.HOMO.jpg' to file(s)
digichem: ERROR: Unable to get file '/tmp/hgt20/4add3f34755c465dba5dc73ad29e399c/Report/image/HOMO/Z_azobenzene.HOMO.x0y0z0.jpg'
	File_maker_exception: Error making 'Orbital_image_maker' file '/tmp/hgt20/4add3f34755c465dba5dc73ad29e399c/Report/image/HOMO/Z_azobenzene.HOMO.jpg'; Could not locate vmd executable 'vmd'
	FileNotFoundError: [Errno 2] No such file or directory: 'vmd'
digichem: ERROR: Unable to get file '/tmp/hgt20/4add3f34755c465dba5dc73ad29e399c/Report/image/HOMO/Z_azobenzene.HOMO.x90y0z0.jpg'
	File_maker_exception: Error making 'Orbital_image_maker' file '/tmp/hgt20/4add3f34755c465dba5dc73ad29e399c/Report/image/HOMO/Z_azobenzene.HOMO.jpg'; Not creating file due to previous errors
digichem: ERROR: Unable to get file '/tmp/hgt20/4add3f34755c465dba5dc73ad29e399c/Report/image/HOMO/Z_azobenzene.HOMO.x0y90z0.jpg'
	File_maker_exception: Error making 'Orbital_image_maker' file '/tmp/hgt20/4add3f34755c465dba5dc73ad29e399c/Report/image/HOMO/Z_azobenzene.HOMO.jpg'; Not creating file due to previous errors
digichem: ERROR: Unable to get file '/tmp/hgt20/4add3f34755c465dba5dc73ad29e399c/Report/image/HOMO/Z_azobenzene.HOMO.x45y45z45.jpg'
	File_maker_exception: Error making 'Orbital_image_maker' file '/tmp/hgt20/4add3f34755c465dba5dc73ad29e399c/Report/image/HOMO/Z_azobenzene.HOMO.jpg'; Not creating file due to previous errors
digichem: INFO: Rendering 'Z_azobenzene.LUMO.jpg' to file(s)
digichem: ERROR: Unable to get file '/tmp/hgt20/4add3f34755c465dba5dc73ad29e399c/Report/image/LUMO/Z_azobenzene.LUMO.x0y0z0.jpg'
	File_maker_exception: Error making 'Orbital_image_maker' file '/tmp/hgt20/4add3f34755c465dba5dc73ad29e399c/Report/image/LUMO/Z_azobenzene.LUMO.jpg'; Could not locate vmd executable 'vmd'
	FileNotFoundError: [Errno 2] No such file or directory: 'vmd'
digichem: ERROR: Unable to get file '/tmp/hgt20/4add3f34755c465dba5dc73ad29e399c/Report/image/LUMO/Z_azobenzene.LUMO.x90y0z0.jpg'
	File_maker_exception: Error making 'Orbital_image_maker' file '/tmp/hgt20/4add3f34755c465dba5dc73ad29e399c/Report/image/LUMO/Z_azobenzene.LUMO.jpg'; Not creating file due to previous errors
digichem: ERROR: Unable to get file '/tmp/hgt20/4add3f34755c465dba5dc73ad29e399c/Report/image/LUMO/Z_azobenzene.LUMO.x0y90z0.jpg'
	File_maker_exception: Error making 'Orbital_image_maker' file '/tmp/hgt20/4add3f34755c465dba5dc73ad29e399c/Report/image/LUMO/Z_azobenzene.LUMO.jpg'; Not creating file due to previous errors
digichem: ERROR: Unable to get file '/tmp/hgt20/4add3f34755c465dba5dc73ad29e399c/Report/image/LUMO/Z_azobenzene.LUMO.x45y45z45.jpg'
	File_maker_exception: Error making 'Orbital_image_maker' file '/tmp/hgt20/4add3f34755c465dba5dc73ad29e399c/Report/image/LUMO/Z_azobenzene.LUMO.jpg'; Not creating file due to previous errors
digichem: INFO: Rendering 'Z_azobenzene.HOMO_LUMO.jpg' to file(s)
digichem: ERROR: Unable to get file '/tmp/hgt20/4add3f34755c465dba5dc73ad29e399c/Report/image/HOMO LUMO/Z_azobenzene.HOMO_LUMO.x0y0z0.jpg'
	File_maker_exception: Error making 'Combined_orbital_image_maker' file '/tmp/hgt20/4add3f34755c465dba5dc73ad29e399c/Report/image/HOMO LUMO/Z_azobenzene.HOMO_LUMO.jpg'; Could not locate vmd executable 'vmd'
	FileNotFoundError: [Errno 2] No such file or directory: 'vmd'
digichem: INFO: Rendering 'Z_azobenzene.HOMO_LUMO.jpg' to file(s)
digichem: ERROR: Unable to get file '/tmp/hgt20/4add3f34755c465dba5dc73ad29e399c/Report/image/HOMO LUMO/Z_azobenzene.HOMO_LUMO.x90y0z0.jpg'
	File_maker_exception: Error making 'Combined_orbital_image_maker' file '/tmp/hgt20/4add3f34755c465dba5dc73ad29e399c/Report/image/HOMO LUMO/Z_azobenzene.HOMO_LUMO.jpg'; Could not locate vmd executable 'vmd'
	FileNotFoundError: [Errno 2] No such file or directory: 'vmd'
digichem: INFO: Rendering 'Z_azobenzene.HOMO_LUMO.jpg' to file(s)
digichem: ERROR: Unable to get file '/tmp/hgt20/4add3f34755c465dba5dc73ad29e399c/Report/image/HOMO LUMO/Z_azobenzene.HOMO_LUMO.x0y90z0.jpg'
	File_maker_exception: Error making 'Combined_orbital_image_maker' file '/tmp/hgt20/4add3f34755c465dba5dc73ad29e399c/Report/image/HOMO LUMO/Z_azobenzene.HOMO_LUMO.jpg'; Could not locate vmd executable 'vmd'
	FileNotFoundError: [Errno 2] No such file or directory: 'vmd'
digichem: INFO: Rendering 'Z_azobenzene.HOMO_LUMO.jpg' to file(s)
digichem: ERROR: Unable to get file '/tmp/hgt20/4add3f34755c465dba5dc73ad29e399c/Report/image/HOMO LUMO/Z_azobenzene.HOMO_LUMO.x45y45z45.jpg'
	File_maker_exception: Error making 'Combined_orbital_image_maker' file '/tmp/hgt20/4add3f34755c465dba5dc73ad29e399c/Report/image/HOMO LUMO/Z_azobenzene.HOMO_LUMO.jpg'; Could not locate vmd executable 'vmd'
	FileNotFoundError: [Errno 2] No such file or directory: 'vmd'
digichem: INFO: Rendering 'Z_azobenzene.excited_states.png' to file(s)
digichem: INFO: File generation duration: 0 s (0.098912 total seconds)
digichem: INFO: Writing PDF file '/tmp/hgt20/4add3f34755c465dba5dc73ad29e399c/Report/Z_azobenzene.journal.pdf'
digichem: INFO: Moving report files from scratch dir...
digichem: INFO: Post-processing complete
digichem: INFO: Post-processing duration: 53 s (53.35409 total seconds)
digichem: INFO: Starting cleanup
digichem: INFO: Cleanup complete
digichem: INFO: Cleanup duration: 0 s (0.020418 total seconds)
digichem: INFO: Handling of calculation '1CPU 4GB TD-DFT 2 Singlets B3LYP (GD3BJ) RIJCOSX def2-SVP' complete
digichem: INFO: Total calculation handling duration: 3 m, 57 s (236.904631 total seconds)
