digichem: INFO: Starting calculation '1CPU 4GB SP B3LYP (GD3BJ) RIJCOSX def2-SVP' on 04/09/2025 15:57:17
digichem: INFO: Scratch directory is: '/tmp/hgt20/ed8b55f0590a4acbac94aeb88b25179c'
digichem: INFO: Host is: 'cx3-6-14.cx3.hpc.ic.ac.uk'
digichem: INFO: Calculation end on 04/09/2025 15:59:32
digichem: INFO: Calculation duration: 2 m, 15 s (134.934657 total seconds)
digichem: INFO: Starting post-processing
digichem: INFO: Parsing calculation result '/rds/general/user/hgt20/home/azobenzene-symmetry/Z_azobenzene/Orca 5.0.3 1CPU 4GB SP B3LYP (GD3BJ) RIJCOSX def2-SVP 02/Output/Z_azobenzene.log'
digichem: INFO: Waiting for database lock on file '/rds/general/user/hgt20/home/.digichem/digichem.main.db/.silico_lock'
digichem: INFO: Acquired database lock
digichem: INFO: Flushing database
digichem: INFO: Pre-generating cube files using 1 threads because 'cubegen_parallel': 'pool'...
digichem: INFO: Rendering 'Z_azobenzene.skeletal.png' to file(s)
digichem: INFO: File generation duration: 0 s (0.131092 total seconds)
digichem: INFO: Rendering 'Z_azobenzene.HOMO_LUMO.png' to file(s)
digichem: INFO: File generation duration: 0 s (0.216764 total seconds)
digichem: INFO: Converting orca/gbw file 'Z_azobenzene.gbw' to gaussian/cube file 'Z_azobenzene.HOMO.cube'
digichem: INFO: File generation duration: 2 s (1.739503 total seconds)
digichem: INFO: Rendering 'Z_azobenzene.structure.jpg' to file(s)
digichem: ERROR: Unable to get file '/tmp/hgt20/ed8b55f0590a4acbac94aeb88b25179c/Report/image/Structure/Z_azobenzene.structure.x0y0z0.jpg'
	File_maker_exception: Error making 'Structure_image_maker' file '/tmp/hgt20/ed8b55f0590a4acbac94aeb88b25179c/Report/image/Structure/Z_azobenzene.structure.jpg'; Could not locate vmd executable 'vmd'
	FileNotFoundError: [Errno 2] No such file or directory: 'vmd'
digichem: ERROR: Unable to get file '/tmp/hgt20/ed8b55f0590a4acbac94aeb88b25179c/Report/image/Structure/Z_azobenzene.structure.x0y0z0.jpg'
	File_maker_exception: Error making 'Structure_image_maker' file '/tmp/hgt20/ed8b55f0590a4acbac94aeb88b25179c/Report/image/Structure/Z_azobenzene.structure.jpg'; Not creating file due to previous errors
digichem: ERROR: Unable to get file '/tmp/hgt20/ed8b55f0590a4acbac94aeb88b25179c/Report/image/Structure/Z_azobenzene.structure.x90y0z0.jpg'
	File_maker_exception: Error making 'Structure_image_maker' file '/tmp/hgt20/ed8b55f0590a4acbac94aeb88b25179c/Report/image/Structure/Z_azobenzene.structure.jpg'; Not creating file due to previous errors
digichem: ERROR: Unable to get file '/tmp/hgt20/ed8b55f0590a4acbac94aeb88b25179c/Report/image/Structure/Z_azobenzene.structure.x0y90z0.jpg'
	File_maker_exception: Error making 'Structure_image_maker' file '/tmp/hgt20/ed8b55f0590a4acbac94aeb88b25179c/Report/image/Structure/Z_azobenzene.structure.jpg'; Not creating file due to previous errors
digichem: ERROR: Unable to get file '/tmp/hgt20/ed8b55f0590a4acbac94aeb88b25179c/Report/image/Structure/Z_azobenzene.structure.x45y45z45.jpg'
	File_maker_exception: Error making 'Structure_image_maker' file '/tmp/hgt20/ed8b55f0590a4acbac94aeb88b25179c/Report/image/Structure/Z_azobenzene.structure.jpg'; Not creating file due to previous errors
digichem: INFO: Converting orca/gbw file 'Z_azobenzene.gbw' to gaussian/cube file 'Z_azobenzene.SCF.cube'
digichem: INFO: File generation duration: 38 s (37.5932 total seconds)
digichem: INFO: Rendering 'Z_azobenzene.SCF.jpg' to file(s)
digichem: ERROR: Unable to get file '/tmp/hgt20/ed8b55f0590a4acbac94aeb88b25179c/Report/image/Density/Z_azobenzene.SCF.x0y0z0.jpg'
	File_maker_exception: Error making 'Density_image_maker' file '/tmp/hgt20/ed8b55f0590a4acbac94aeb88b25179c/Report/image/Density/Z_azobenzene.SCF.jpg'; Could not locate vmd executable 'vmd'
	FileNotFoundError: [Errno 2] No such file or directory: 'vmd'
digichem: ERROR: Unable to get file '/tmp/hgt20/ed8b55f0590a4acbac94aeb88b25179c/Report/image/Density/Z_azobenzene.SCF.x90y0z0.jpg'
	File_maker_exception: Error making 'Density_image_maker' file '/tmp/hgt20/ed8b55f0590a4acbac94aeb88b25179c/Report/image/Density/Z_azobenzene.SCF.jpg'; Not creating file due to previous errors
digichem: ERROR: Unable to get file '/tmp/hgt20/ed8b55f0590a4acbac94aeb88b25179c/Report/image/Density/Z_azobenzene.SCF.x0y90z0.jpg'
	File_maker_exception: Error making 'Density_image_maker' file '/tmp/hgt20/ed8b55f0590a4acbac94aeb88b25179c/Report/image/Density/Z_azobenzene.SCF.jpg'; Not creating file due to previous errors
digichem: ERROR: Unable to get file '/tmp/hgt20/ed8b55f0590a4acbac94aeb88b25179c/Report/image/Density/Z_azobenzene.SCF.x45y45z45.jpg'
	File_maker_exception: Error making 'Density_image_maker' file '/tmp/hgt20/ed8b55f0590a4acbac94aeb88b25179c/Report/image/Density/Z_azobenzene.SCF.jpg'; Not creating file due to previous errors
digichem: INFO: Rendering 'Z_azobenzene.dipole.jpg' to file(s)
digichem: ERROR: Unable to get file '/tmp/hgt20/ed8b55f0590a4acbac94aeb88b25179c/Report/image/Dipole Moment/Z_azobenzene.dipole.x0y0z0.jpg'
	File_maker_exception: Error making 'Permanent_dipole_image_maker' file '/tmp/hgt20/ed8b55f0590a4acbac94aeb88b25179c/Report/image/Dipole Moment/Z_azobenzene.dipole.jpg'; Could not locate vmd executable 'vmd'
	FileNotFoundError: [Errno 2] No such file or directory: 'vmd'
digichem: ERROR: Unable to get file '/tmp/hgt20/ed8b55f0590a4acbac94aeb88b25179c/Report/image/Dipole Moment/Z_azobenzene.dipole.x90y0z0.jpg'
	File_maker_exception: Error making 'Permanent_dipole_image_maker' file '/tmp/hgt20/ed8b55f0590a4acbac94aeb88b25179c/Report/image/Dipole Moment/Z_azobenzene.dipole.jpg'; Not creating file due to previous errors
digichem: ERROR: Unable to get file '/tmp/hgt20/ed8b55f0590a4acbac94aeb88b25179c/Report/image/Dipole Moment/Z_azobenzene.dipole.x0y90z0.jpg'
	File_maker_exception: Error making 'Permanent_dipole_image_maker' file '/tmp/hgt20/ed8b55f0590a4acbac94aeb88b25179c/Report/image/Dipole Moment/Z_azobenzene.dipole.jpg'; Not creating file due to previous errors
digichem: ERROR: Unable to get file '/tmp/hgt20/ed8b55f0590a4acbac94aeb88b25179c/Report/image/Dipole Moment/Z_azobenzene.dipole.x45y45z45.jpg'
	File_maker_exception: Error making 'Permanent_dipole_image_maker' file '/tmp/hgt20/ed8b55f0590a4acbac94aeb88b25179c/Report/image/Dipole Moment/Z_azobenzene.dipole.jpg'; Not creating file due to previous errors
digichem: INFO: Rendering 'Z_azobenzene.HOMO.jpg' to file(s)
digichem: ERROR: Unable to get file '/tmp/hgt20/ed8b55f0590a4acbac94aeb88b25179c/Report/image/HOMO/Z_azobenzene.HOMO.x0y0z0.jpg'
	File_maker_exception: Error making 'Orbital_image_maker' file '/tmp/hgt20/ed8b55f0590a4acbac94aeb88b25179c/Report/image/HOMO/Z_azobenzene.HOMO.jpg'; Could not locate vmd executable 'vmd'
	FileNotFoundError: [Errno 2] No such file or directory: 'vmd'
digichem: ERROR: Unable to get file '/tmp/hgt20/ed8b55f0590a4acbac94aeb88b25179c/Report/image/HOMO/Z_azobenzene.HOMO.x90y0z0.jpg'
	File_maker_exception: Error making 'Orbital_image_maker' file '/tmp/hgt20/ed8b55f0590a4acbac94aeb88b25179c/Report/image/HOMO/Z_azobenzene.HOMO.jpg'; Not creating file due to previous errors
digichem: ERROR: Unable to get file '/tmp/hgt20/ed8b55f0590a4acbac94aeb88b25179c/Report/image/HOMO/Z_azobenzene.HOMO.x0y90z0.jpg'
	File_maker_exception: Error making 'Orbital_image_maker' file '/tmp/hgt20/ed8b55f0590a4acbac94aeb88b25179c/Report/image/HOMO/Z_azobenzene.HOMO.jpg'; Not creating file due to previous errors
digichem: ERROR: Unable to get file '/tmp/hgt20/ed8b55f0590a4acbac94aeb88b25179c/Report/image/HOMO/Z_azobenzene.HOMO.x45y45z45.jpg'
	File_maker_exception: Error making 'Orbital_image_maker' file '/tmp/hgt20/ed8b55f0590a4acbac94aeb88b25179c/Report/image/HOMO/Z_azobenzene.HOMO.jpg'; Not creating file due to previous errors
digichem: INFO: Converting orca/gbw file 'Z_azobenzene.gbw' to gaussian/cube file 'Z_azobenzene.LUMO.cube'
digichem: INFO: File generation duration: 2 s (1.570197 total seconds)
digichem: INFO: Rendering 'Z_azobenzene.LUMO.jpg' to file(s)
digichem: ERROR: Unable to get file '/tmp/hgt20/ed8b55f0590a4acbac94aeb88b25179c/Report/image/LUMO/Z_azobenzene.LUMO.x0y0z0.jpg'
	File_maker_exception: Error making 'Orbital_image_maker' file '/tmp/hgt20/ed8b55f0590a4acbac94aeb88b25179c/Report/image/LUMO/Z_azobenzene.LUMO.jpg'; Could not locate vmd executable 'vmd'
	FileNotFoundError: [Errno 2] No such file or directory: 'vmd'
digichem: ERROR: Unable to get file '/tmp/hgt20/ed8b55f0590a4acbac94aeb88b25179c/Report/image/LUMO/Z_azobenzene.LUMO.x90y0z0.jpg'
	File_maker_exception: Error making 'Orbital_image_maker' file '/tmp/hgt20/ed8b55f0590a4acbac94aeb88b25179c/Report/image/LUMO/Z_azobenzene.LUMO.jpg'; Not creating file due to previous errors
digichem: ERROR: Unable to get file '/tmp/hgt20/ed8b55f0590a4acbac94aeb88b25179c/Report/image/LUMO/Z_azobenzene.LUMO.x0y90z0.jpg'
	File_maker_exception: Error making 'Orbital_image_maker' file '/tmp/hgt20/ed8b55f0590a4acbac94aeb88b25179c/Report/image/LUMO/Z_azobenzene.LUMO.jpg'; Not creating file due to previous errors
digichem: ERROR: Unable to get file '/tmp/hgt20/ed8b55f0590a4acbac94aeb88b25179c/Report/image/LUMO/Z_azobenzene.LUMO.x45y45z45.jpg'
	File_maker_exception: Error making 'Orbital_image_maker' file '/tmp/hgt20/ed8b55f0590a4acbac94aeb88b25179c/Report/image/LUMO/Z_azobenzene.LUMO.jpg'; Not creating file due to previous errors
digichem: INFO: Rendering 'Z_azobenzene.HOMO_LUMO.jpg' to file(s)
digichem: ERROR: Unable to get file '/tmp/hgt20/ed8b55f0590a4acbac94aeb88b25179c/Report/image/HOMO LUMO/Z_azobenzene.HOMO_LUMO.x0y0z0.jpg'
	File_maker_exception: Error making 'Combined_orbital_image_maker' file '/tmp/hgt20/ed8b55f0590a4acbac94aeb88b25179c/Report/image/HOMO LUMO/Z_azobenzene.HOMO_LUMO.jpg'; Could not locate vmd executable 'vmd'
	FileNotFoundError: [Errno 2] No such file or directory: 'vmd'
digichem: INFO: Rendering 'Z_azobenzene.HOMO_LUMO.jpg' to file(s)
digichem: ERROR: Unable to get file '/tmp/hgt20/ed8b55f0590a4acbac94aeb88b25179c/Report/image/HOMO LUMO/Z_azobenzene.HOMO_LUMO.x90y0z0.jpg'
	File_maker_exception: Error making 'Combined_orbital_image_maker' file '/tmp/hgt20/ed8b55f0590a4acbac94aeb88b25179c/Report/image/HOMO LUMO/Z_azobenzene.HOMO_LUMO.jpg'; Could not locate vmd executable 'vmd'
	FileNotFoundError: [Errno 2] No such file or directory: 'vmd'
digichem: INFO: Rendering 'Z_azobenzene.HOMO_LUMO.jpg' to file(s)
digichem: ERROR: Unable to get file '/tmp/hgt20/ed8b55f0590a4acbac94aeb88b25179c/Report/image/HOMO LUMO/Z_azobenzene.HOMO_LUMO.x0y90z0.jpg'
	File_maker_exception: Error making 'Combined_orbital_image_maker' file '/tmp/hgt20/ed8b55f0590a4acbac94aeb88b25179c/Report/image/HOMO LUMO/Z_azobenzene.HOMO_LUMO.jpg'; Could not locate vmd executable 'vmd'
	FileNotFoundError: [Errno 2] No such file or directory: 'vmd'
digichem: INFO: Rendering 'Z_azobenzene.HOMO_LUMO.jpg' to file(s)
digichem: ERROR: Unable to get file '/tmp/hgt20/ed8b55f0590a4acbac94aeb88b25179c/Report/image/HOMO LUMO/Z_azobenzene.HOMO_LUMO.x45y45z45.jpg'
	File_maker_exception: Error making 'Combined_orbital_image_maker' file '/tmp/hgt20/ed8b55f0590a4acbac94aeb88b25179c/Report/image/HOMO LUMO/Z_azobenzene.HOMO_LUMO.jpg'; Could not locate vmd executable 'vmd'
	FileNotFoundError: [Errno 2] No such file or directory: 'vmd'
digichem: INFO: Rendering 'Z_azobenzene.orbitals.png' to file(s)
digichem: INFO: File generation duration: 0 s (0.114733 total seconds)
digichem: INFO: Writing PDF file '/tmp/hgt20/ed8b55f0590a4acbac94aeb88b25179c/Report/Z_azobenzene.traditional.pdf'
digichem: INFO: Pre-generating cube files using 1 threads because 'cubegen_parallel': 'pool'...
digichem: INFO: Rendering 'Z_azobenzene.skeletal.png' to file(s)
digichem: INFO: File generation duration: 0 s (0.10386 total seconds)
digichem: INFO: Rendering 'Z_azobenzene.HOMO_LUMO.png' to file(s)
digichem: INFO: File generation duration: 0 s (0.30081 total seconds)
digichem: INFO: Rendering 'Z_azobenzene.structure.jpg' to file(s)
digichem: ERROR: Unable to get file '/tmp/hgt20/ed8b55f0590a4acbac94aeb88b25179c/Report/image/Structure/Z_azobenzene.structure.x0y0z0.jpg'
	File_maker_exception: Error making 'Structure_image_maker' file '/tmp/hgt20/ed8b55f0590a4acbac94aeb88b25179c/Report/image/Structure/Z_azobenzene.structure.jpg'; Could not locate vmd executable 'vmd'
	FileNotFoundError: [Errno 2] No such file or directory: 'vmd'
digichem: INFO: Rendering 'Z_azobenzene.SCF.jpg' to file(s)
digichem: ERROR: Unable to get file '/tmp/hgt20/ed8b55f0590a4acbac94aeb88b25179c/Report/image/Density/Z_azobenzene.SCF.x0y0z0.jpg'
	File_maker_exception: Error making 'Density_image_maker' file '/tmp/hgt20/ed8b55f0590a4acbac94aeb88b25179c/Report/image/Density/Z_azobenzene.SCF.jpg'; Could not locate vmd executable 'vmd'
	FileNotFoundError: [Errno 2] No such file or directory: 'vmd'
digichem: ERROR: Unable to get file '/tmp/hgt20/ed8b55f0590a4acbac94aeb88b25179c/Report/image/Density/Z_azobenzene.SCF.x90y0z0.jpg'
	File_maker_exception: Error making 'Density_image_maker' file '/tmp/hgt20/ed8b55f0590a4acbac94aeb88b25179c/Report/image/Density/Z_azobenzene.SCF.jpg'; Not creating file due to previous errors
digichem: ERROR: Unable to get file '/tmp/hgt20/ed8b55f0590a4acbac94aeb88b25179c/Report/image/Density/Z_azobenzene.SCF.x0y90z0.jpg'
	File_maker_exception: Error making 'Density_image_maker' file '/tmp/hgt20/ed8b55f0590a4acbac94aeb88b25179c/Report/image/Density/Z_azobenzene.SCF.jpg'; Not creating file due to previous errors
digichem: ERROR: Unable to get file '/tmp/hgt20/ed8b55f0590a4acbac94aeb88b25179c/Report/image/Density/Z_azobenzene.SCF.x45y45z45.jpg'
	File_maker_exception: Error making 'Density_image_maker' file '/tmp/hgt20/ed8b55f0590a4acbac94aeb88b25179c/Report/image/Density/Z_azobenzene.SCF.jpg'; Not creating file due to previous errors
digichem: ERROR: Unable to get file '/tmp/hgt20/ed8b55f0590a4acbac94aeb88b25179c/Report/image/Structure/Z_azobenzene.structure.x0y0z0.jpg'
	File_maker_exception: Error making 'Structure_image_maker' file '/tmp/hgt20/ed8b55f0590a4acbac94aeb88b25179c/Report/image/Structure/Z_azobenzene.structure.jpg'; Not creating file due to previous errors
digichem: ERROR: Unable to get file '/tmp/hgt20/ed8b55f0590a4acbac94aeb88b25179c/Report/image/Structure/Z_azobenzene.structure.x90y0z0.jpg'
	File_maker_exception: Error making 'Structure_image_maker' file '/tmp/hgt20/ed8b55f0590a4acbac94aeb88b25179c/Report/image/Structure/Z_azobenzene.structure.jpg'; Not creating file due to previous errors
digichem: ERROR: Unable to get file '/tmp/hgt20/ed8b55f0590a4acbac94aeb88b25179c/Report/image/Structure/Z_azobenzene.structure.x0y90z0.jpg'
	File_maker_exception: Error making 'Structure_image_maker' file '/tmp/hgt20/ed8b55f0590a4acbac94aeb88b25179c/Report/image/Structure/Z_azobenzene.structure.jpg'; Not creating file due to previous errors
digichem: ERROR: Unable to get file '/tmp/hgt20/ed8b55f0590a4acbac94aeb88b25179c/Report/image/Structure/Z_azobenzene.structure.x45y45z45.jpg'
	File_maker_exception: Error making 'Structure_image_maker' file '/tmp/hgt20/ed8b55f0590a4acbac94aeb88b25179c/Report/image/Structure/Z_azobenzene.structure.jpg'; Not creating file due to previous errors
digichem: INFO: Rendering 'Z_azobenzene.dipole.jpg' to file(s)
digichem: ERROR: Unable to get file '/tmp/hgt20/ed8b55f0590a4acbac94aeb88b25179c/Report/image/Dipole Moment/Z_azobenzene.dipole.x0y0z0.jpg'
	File_maker_exception: Error making 'Permanent_dipole_image_maker' file '/tmp/hgt20/ed8b55f0590a4acbac94aeb88b25179c/Report/image/Dipole Moment/Z_azobenzene.dipole.jpg'; Could not locate vmd executable 'vmd'
	FileNotFoundError: [Errno 2] No such file or directory: 'vmd'
digichem: ERROR: Unable to get file '/tmp/hgt20/ed8b55f0590a4acbac94aeb88b25179c/Report/image/Dipole Moment/Z_azobenzene.dipole.x90y0z0.jpg'
	File_maker_exception: Error making 'Permanent_dipole_image_maker' file '/tmp/hgt20/ed8b55f0590a4acbac94aeb88b25179c/Report/image/Dipole Moment/Z_azobenzene.dipole.jpg'; Not creating file due to previous errors
digichem: ERROR: Unable to get file '/tmp/hgt20/ed8b55f0590a4acbac94aeb88b25179c/Report/image/Dipole Moment/Z_azobenzene.dipole.x0y90z0.jpg'
	File_maker_exception: Error making 'Permanent_dipole_image_maker' file '/tmp/hgt20/ed8b55f0590a4acbac94aeb88b25179c/Report/image/Dipole Moment/Z_azobenzene.dipole.jpg'; Not creating file due to previous errors
digichem: ERROR: Unable to get file '/tmp/hgt20/ed8b55f0590a4acbac94aeb88b25179c/Report/image/Dipole Moment/Z_azobenzene.dipole.x45y45z45.jpg'
	File_maker_exception: Error making 'Permanent_dipole_image_maker' file '/tmp/hgt20/ed8b55f0590a4acbac94aeb88b25179c/Report/image/Dipole Moment/Z_azobenzene.dipole.jpg'; Not creating file due to previous errors
digichem: INFO: Rendering 'Z_azobenzene.orbitals.png' to file(s)
digichem: INFO: File generation duration: 0 s (0.10756 total seconds)
digichem: INFO: Rendering 'Z_azobenzene.HOMO.jpg' to file(s)
digichem: ERROR: Unable to get file '/tmp/hgt20/ed8b55f0590a4acbac94aeb88b25179c/Report/image/HOMO/Z_azobenzene.HOMO.x0y0z0.jpg'
	File_maker_exception: Error making 'Orbital_image_maker' file '/tmp/hgt20/ed8b55f0590a4acbac94aeb88b25179c/Report/image/HOMO/Z_azobenzene.HOMO.jpg'; Could not locate vmd executable 'vmd'
	FileNotFoundError: [Errno 2] No such file or directory: 'vmd'
digichem: ERROR: Unable to get file '/tmp/hgt20/ed8b55f0590a4acbac94aeb88b25179c/Report/image/HOMO/Z_azobenzene.HOMO.x90y0z0.jpg'
	File_maker_exception: Error making 'Orbital_image_maker' file '/tmp/hgt20/ed8b55f0590a4acbac94aeb88b25179c/Report/image/HOMO/Z_azobenzene.HOMO.jpg'; Not creating file due to previous errors
digichem: ERROR: Unable to get file '/tmp/hgt20/ed8b55f0590a4acbac94aeb88b25179c/Report/image/HOMO/Z_azobenzene.HOMO.x0y90z0.jpg'
	File_maker_exception: Error making 'Orbital_image_maker' file '/tmp/hgt20/ed8b55f0590a4acbac94aeb88b25179c/Report/image/HOMO/Z_azobenzene.HOMO.jpg'; Not creating file due to previous errors
digichem: ERROR: Unable to get file '/tmp/hgt20/ed8b55f0590a4acbac94aeb88b25179c/Report/image/HOMO/Z_azobenzene.HOMO.x45y45z45.jpg'
	File_maker_exception: Error making 'Orbital_image_maker' file '/tmp/hgt20/ed8b55f0590a4acbac94aeb88b25179c/Report/image/HOMO/Z_azobenzene.HOMO.jpg'; Not creating file due to previous errors
digichem: INFO: Rendering 'Z_azobenzene.LUMO.jpg' to file(s)
digichem: ERROR: Unable to get file '/tmp/hgt20/ed8b55f0590a4acbac94aeb88b25179c/Report/image/LUMO/Z_azobenzene.LUMO.x0y0z0.jpg'
	File_maker_exception: Error making 'Orbital_image_maker' file '/tmp/hgt20/ed8b55f0590a4acbac94aeb88b25179c/Report/image/LUMO/Z_azobenzene.LUMO.jpg'; Could not locate vmd executable 'vmd'
	FileNotFoundError: [Errno 2] No such file or directory: 'vmd'
digichem: ERROR: Unable to get file '/tmp/hgt20/ed8b55f0590a4acbac94aeb88b25179c/Report/image/LUMO/Z_azobenzene.LUMO.x90y0z0.jpg'
	File_maker_exception: Error making 'Orbital_image_maker' file '/tmp/hgt20/ed8b55f0590a4acbac94aeb88b25179c/Report/image/LUMO/Z_azobenzene.LUMO.jpg'; Not creating file due to previous errors
digichem: ERROR: Unable to get file '/tmp/hgt20/ed8b55f0590a4acbac94aeb88b25179c/Report/image/LUMO/Z_azobenzene.LUMO.x0y90z0.jpg'
	File_maker_exception: Error making 'Orbital_image_maker' file '/tmp/hgt20/ed8b55f0590a4acbac94aeb88b25179c/Report/image/LUMO/Z_azobenzene.LUMO.jpg'; Not creating file due to previous errors
digichem: ERROR: Unable to get file '/tmp/hgt20/ed8b55f0590a4acbac94aeb88b25179c/Report/image/LUMO/Z_azobenzene.LUMO.x45y45z45.jpg'
	File_maker_exception: Error making 'Orbital_image_maker' file '/tmp/hgt20/ed8b55f0590a4acbac94aeb88b25179c/Report/image/LUMO/Z_azobenzene.LUMO.jpg'; Not creating file due to previous errors
digichem: INFO: Rendering 'Z_azobenzene.HOMO_LUMO.jpg' to file(s)
digichem: ERROR: Unable to get file '/tmp/hgt20/ed8b55f0590a4acbac94aeb88b25179c/Report/image/HOMO LUMO/Z_azobenzene.HOMO_LUMO.x0y0z0.jpg'
	File_maker_exception: Error making 'Combined_orbital_image_maker' file '/tmp/hgt20/ed8b55f0590a4acbac94aeb88b25179c/Report/image/HOMO LUMO/Z_azobenzene.HOMO_LUMO.jpg'; Could not locate vmd executable 'vmd'
	FileNotFoundError: [Errno 2] No such file or directory: 'vmd'
digichem: INFO: Rendering 'Z_azobenzene.HOMO_LUMO.jpg' to file(s)
digichem: ERROR: Unable to get file '/tmp/hgt20/ed8b55f0590a4acbac94aeb88b25179c/Report/image/HOMO LUMO/Z_azobenzene.HOMO_LUMO.x90y0z0.jpg'
	File_maker_exception: Error making 'Combined_orbital_image_maker' file '/tmp/hgt20/ed8b55f0590a4acbac94aeb88b25179c/Report/image/HOMO LUMO/Z_azobenzene.HOMO_LUMO.jpg'; Could not locate vmd executable 'vmd'
	FileNotFoundError: [Errno 2] No such file or directory: 'vmd'
digichem: INFO: Rendering 'Z_azobenzene.HOMO_LUMO.jpg' to file(s)
digichem: ERROR: Unable to get file '/tmp/hgt20/ed8b55f0590a4acbac94aeb88b25179c/Report/image/HOMO LUMO/Z_azobenzene.HOMO_LUMO.x0y90z0.jpg'
	File_maker_exception: Error making 'Combined_orbital_image_maker' file '/tmp/hgt20/ed8b55f0590a4acbac94aeb88b25179c/Report/image/HOMO LUMO/Z_azobenzene.HOMO_LUMO.jpg'; Could not locate vmd executable 'vmd'
	FileNotFoundError: [Errno 2] No such file or directory: 'vmd'
digichem: INFO: Rendering 'Z_azobenzene.HOMO_LUMO.jpg' to file(s)
digichem: ERROR: Unable to get file '/tmp/hgt20/ed8b55f0590a4acbac94aeb88b25179c/Report/image/HOMO LUMO/Z_azobenzene.HOMO_LUMO.x45y45z45.jpg'
	File_maker_exception: Error making 'Combined_orbital_image_maker' file '/tmp/hgt20/ed8b55f0590a4acbac94aeb88b25179c/Report/image/HOMO LUMO/Z_azobenzene.HOMO_LUMO.jpg'; Could not locate vmd executable 'vmd'
	FileNotFoundError: [Errno 2] No such file or directory: 'vmd'
digichem: INFO: Writing PDF file '/tmp/hgt20/ed8b55f0590a4acbac94aeb88b25179c/Report/Z_azobenzene.journal.pdf'
digichem: INFO: Moving report files from scratch dir...
digichem: INFO: Post-processing complete
digichem: INFO: Post-processing duration: 1 m, 2 s (61.970969 total seconds)
digichem: INFO: Starting cleanup
digichem: INFO: Cleanup complete
digichem: INFO: Cleanup duration: 0 s (0.011684 total seconds)
digichem: INFO: Handling of calculation '1CPU 4GB SP B3LYP (GD3BJ) RIJCOSX def2-SVP' complete
digichem: INFO: Total calculation handling duration: 3 m, 17 s (196.937293 total seconds)
