digichem: INFO: Starting calculation '1CPU 4GB SP B3LYP (GD3BJ) RIJCOSX def2-SVP' on 04/09/2025 15:54:02
digichem: INFO: Scratch directory is: '/tmp/hgt20/113100d52c8142ef93b643596fd32345'
digichem: INFO: Host is: 'cx3-4-25.cx3.hpc.ic.ac.uk'
digichem: INFO: Calculation end on 04/09/2025 15:55:58
digichem: INFO: Calculation duration: 1 m, 56 s (116.08228 total seconds)
digichem: INFO: Starting post-processing
digichem: INFO: Parsing calculation result '/rds/general/user/hgt20/home/azobenzene-symmetry/E_azobenzene/Orca 5.0.3 1CPU 4GB SP B3LYP (GD3BJ) RIJCOSX def2-SVP 02/Output/E_azobenzene.log'
digichem: INFO: Waiting for database lock on file '/rds/general/user/hgt20/home/.digichem/digichem.main.db/.silico_lock'
digichem: INFO: Acquired database lock
digichem: INFO: Flushing database
digichem: INFO: Pre-generating cube files using 1 threads because 'cubegen_parallel': 'pool'...
digichem: INFO: Rendering 'E_azobenzene.skeletal.png' to file(s)
digichem: INFO: File generation duration: 0 s (0.157906 total seconds)
digichem: INFO: Rendering 'E_azobenzene.HOMO_LUMO.png' to file(s)
digichem: INFO: File generation duration: 0 s (0.233872 total seconds)
digichem: INFO: Converting orca/gbw file 'E_azobenzene.gbw' to gaussian/cube file 'E_azobenzene.HOMO.cube'
digichem: INFO: File generation duration: 2 s (1.548809 total seconds)
digichem: INFO: Rendering 'E_azobenzene.structure.jpg' to file(s)
digichem: ERROR: Unable to get file '/tmp/hgt20/113100d52c8142ef93b643596fd32345/Report/image/Structure/E_azobenzene.structure.x0y0z0.jpg'
	File_maker_exception: Error making 'Structure_image_maker' file '/tmp/hgt20/113100d52c8142ef93b643596fd32345/Report/image/Structure/E_azobenzene.structure.jpg'; Could not locate vmd executable 'vmd'
	FileNotFoundError: [Errno 2] No such file or directory: 'vmd'
digichem: ERROR: Unable to get file '/tmp/hgt20/113100d52c8142ef93b643596fd32345/Report/image/Structure/E_azobenzene.structure.x0y0z0.jpg'
	File_maker_exception: Error making 'Structure_image_maker' file '/tmp/hgt20/113100d52c8142ef93b643596fd32345/Report/image/Structure/E_azobenzene.structure.jpg'; Not creating file due to previous errors
digichem: ERROR: Unable to get file '/tmp/hgt20/113100d52c8142ef93b643596fd32345/Report/image/Structure/E_azobenzene.structure.x90y0z0.jpg'
	File_maker_exception: Error making 'Structure_image_maker' file '/tmp/hgt20/113100d52c8142ef93b643596fd32345/Report/image/Structure/E_azobenzene.structure.jpg'; Not creating file due to previous errors
digichem: ERROR: Unable to get file '/tmp/hgt20/113100d52c8142ef93b643596fd32345/Report/image/Structure/E_azobenzene.structure.x0y90z0.jpg'
	File_maker_exception: Error making 'Structure_image_maker' file '/tmp/hgt20/113100d52c8142ef93b643596fd32345/Report/image/Structure/E_azobenzene.structure.jpg'; Not creating file due to previous errors
digichem: ERROR: Unable to get file '/tmp/hgt20/113100d52c8142ef93b643596fd32345/Report/image/Structure/E_azobenzene.structure.x45y45z45.jpg'
	File_maker_exception: Error making 'Structure_image_maker' file '/tmp/hgt20/113100d52c8142ef93b643596fd32345/Report/image/Structure/E_azobenzene.structure.jpg'; Not creating file due to previous errors
digichem: INFO: Converting orca/gbw file 'E_azobenzene.gbw' to gaussian/cube file 'E_azobenzene.SCF.cube'
digichem: INFO: File generation duration: 29 s (29.142445 total seconds)
digichem: INFO: Rendering 'E_azobenzene.SCF.jpg' to file(s)
digichem: ERROR: Unable to get file '/tmp/hgt20/113100d52c8142ef93b643596fd32345/Report/image/Density/E_azobenzene.SCF.x0y0z0.jpg'
	File_maker_exception: Error making 'Density_image_maker' file '/tmp/hgt20/113100d52c8142ef93b643596fd32345/Report/image/Density/E_azobenzene.SCF.jpg'; Could not locate vmd executable 'vmd'
	FileNotFoundError: [Errno 2] No such file or directory: 'vmd'
digichem: ERROR: Unable to get file '/tmp/hgt20/113100d52c8142ef93b643596fd32345/Report/image/Density/E_azobenzene.SCF.x90y0z0.jpg'
	File_maker_exception: Error making 'Density_image_maker' file '/tmp/hgt20/113100d52c8142ef93b643596fd32345/Report/image/Density/E_azobenzene.SCF.jpg'; Not creating file due to previous errors
digichem: ERROR: Unable to get file '/tmp/hgt20/113100d52c8142ef93b643596fd32345/Report/image/Density/E_azobenzene.SCF.x0y90z0.jpg'
	File_maker_exception: Error making 'Density_image_maker' file '/tmp/hgt20/113100d52c8142ef93b643596fd32345/Report/image/Density/E_azobenzene.SCF.jpg'; Not creating file due to previous errors
digichem: ERROR: Unable to get file '/tmp/hgt20/113100d52c8142ef93b643596fd32345/Report/image/Density/E_azobenzene.SCF.x45y45z45.jpg'
	File_maker_exception: Error making 'Density_image_maker' file '/tmp/hgt20/113100d52c8142ef93b643596fd32345/Report/image/Density/E_azobenzene.SCF.jpg'; Not creating file due to previous errors
digichem: INFO: Rendering 'E_azobenzene.dipole.jpg' to file(s)
digichem: ERROR: Unable to get file '/tmp/hgt20/113100d52c8142ef93b643596fd32345/Report/image/Dipole Moment/E_azobenzene.dipole.x0y0z0.jpg'
	File_maker_exception: Error making 'Permanent_dipole_image_maker' file '/tmp/hgt20/113100d52c8142ef93b643596fd32345/Report/image/Dipole Moment/E_azobenzene.dipole.jpg'; Could not locate vmd executable 'vmd'
	FileNotFoundError: [Errno 2] No such file or directory: 'vmd'
digichem: ERROR: Unable to get file '/tmp/hgt20/113100d52c8142ef93b643596fd32345/Report/image/Dipole Moment/E_azobenzene.dipole.x90y0z0.jpg'
	File_maker_exception: Error making 'Permanent_dipole_image_maker' file '/tmp/hgt20/113100d52c8142ef93b643596fd32345/Report/image/Dipole Moment/E_azobenzene.dipole.jpg'; Not creating file due to previous errors
digichem: ERROR: Unable to get file '/tmp/hgt20/113100d52c8142ef93b643596fd32345/Report/image/Dipole Moment/E_azobenzene.dipole.x0y90z0.jpg'
	File_maker_exception: Error making 'Permanent_dipole_image_maker' file '/tmp/hgt20/113100d52c8142ef93b643596fd32345/Report/image/Dipole Moment/E_azobenzene.dipole.jpg'; Not creating file due to previous errors
digichem: ERROR: Unable to get file '/tmp/hgt20/113100d52c8142ef93b643596fd32345/Report/image/Dipole Moment/E_azobenzene.dipole.x45y45z45.jpg'
	File_maker_exception: Error making 'Permanent_dipole_image_maker' file '/tmp/hgt20/113100d52c8142ef93b643596fd32345/Report/image/Dipole Moment/E_azobenzene.dipole.jpg'; Not creating file due to previous errors
digichem: INFO: Rendering 'E_azobenzene.HOMO.jpg' to file(s)
digichem: ERROR: Unable to get file '/tmp/hgt20/113100d52c8142ef93b643596fd32345/Report/image/HOMO/E_azobenzene.HOMO.x0y0z0.jpg'
	File_maker_exception: Error making 'Orbital_image_maker' file '/tmp/hgt20/113100d52c8142ef93b643596fd32345/Report/image/HOMO/E_azobenzene.HOMO.jpg'; Could not locate vmd executable 'vmd'
	FileNotFoundError: [Errno 2] No such file or directory: 'vmd'
digichem: ERROR: Unable to get file '/tmp/hgt20/113100d52c8142ef93b643596fd32345/Report/image/HOMO/E_azobenzene.HOMO.x90y0z0.jpg'
	File_maker_exception: Error making 'Orbital_image_maker' file '/tmp/hgt20/113100d52c8142ef93b643596fd32345/Report/image/HOMO/E_azobenzene.HOMO.jpg'; Not creating file due to previous errors
digichem: ERROR: Unable to get file '/tmp/hgt20/113100d52c8142ef93b643596fd32345/Report/image/HOMO/E_azobenzene.HOMO.x0y90z0.jpg'
	File_maker_exception: Error making 'Orbital_image_maker' file '/tmp/hgt20/113100d52c8142ef93b643596fd32345/Report/image/HOMO/E_azobenzene.HOMO.jpg'; Not creating file due to previous errors
digichem: ERROR: Unable to get file '/tmp/hgt20/113100d52c8142ef93b643596fd32345/Report/image/HOMO/E_azobenzene.HOMO.x45y45z45.jpg'
	File_maker_exception: Error making 'Orbital_image_maker' file '/tmp/hgt20/113100d52c8142ef93b643596fd32345/Report/image/HOMO/E_azobenzene.HOMO.jpg'; Not creating file due to previous errors
digichem: INFO: Converting orca/gbw file 'E_azobenzene.gbw' to gaussian/cube file 'E_azobenzene.LUMO.cube'
digichem: INFO: File generation duration: 1 s (1.298055 total seconds)
digichem: INFO: Rendering 'E_azobenzene.LUMO.jpg' to file(s)
digichem: ERROR: Unable to get file '/tmp/hgt20/113100d52c8142ef93b643596fd32345/Report/image/LUMO/E_azobenzene.LUMO.x0y0z0.jpg'
	File_maker_exception: Error making 'Orbital_image_maker' file '/tmp/hgt20/113100d52c8142ef93b643596fd32345/Report/image/LUMO/E_azobenzene.LUMO.jpg'; Could not locate vmd executable 'vmd'
	FileNotFoundError: [Errno 2] No such file or directory: 'vmd'
digichem: ERROR: Unable to get file '/tmp/hgt20/113100d52c8142ef93b643596fd32345/Report/image/LUMO/E_azobenzene.LUMO.x90y0z0.jpg'
	File_maker_exception: Error making 'Orbital_image_maker' file '/tmp/hgt20/113100d52c8142ef93b643596fd32345/Report/image/LUMO/E_azobenzene.LUMO.jpg'; Not creating file due to previous errors
digichem: ERROR: Unable to get file '/tmp/hgt20/113100d52c8142ef93b643596fd32345/Report/image/LUMO/E_azobenzene.LUMO.x0y90z0.jpg'
	File_maker_exception: Error making 'Orbital_image_maker' file '/tmp/hgt20/113100d52c8142ef93b643596fd32345/Report/image/LUMO/E_azobenzene.LUMO.jpg'; Not creating file due to previous errors
digichem: ERROR: Unable to get file '/tmp/hgt20/113100d52c8142ef93b643596fd32345/Report/image/LUMO/E_azobenzene.LUMO.x45y45z45.jpg'
	File_maker_exception: Error making 'Orbital_image_maker' file '/tmp/hgt20/113100d52c8142ef93b643596fd32345/Report/image/LUMO/E_azobenzene.LUMO.jpg'; Not creating file due to previous errors
digichem: INFO: Rendering 'E_azobenzene.HOMO_LUMO.jpg' to file(s)
digichem: ERROR: Unable to get file '/tmp/hgt20/113100d52c8142ef93b643596fd32345/Report/image/HOMO LUMO/E_azobenzene.HOMO_LUMO.x0y0z0.jpg'
	File_maker_exception: Error making 'Combined_orbital_image_maker' file '/tmp/hgt20/113100d52c8142ef93b643596fd32345/Report/image/HOMO LUMO/E_azobenzene.HOMO_LUMO.jpg'; Could not locate vmd executable 'vmd'
	FileNotFoundError: [Errno 2] No such file or directory: 'vmd'
digichem: INFO: Rendering 'E_azobenzene.HOMO_LUMO.jpg' to file(s)
digichem: ERROR: Unable to get file '/tmp/hgt20/113100d52c8142ef93b643596fd32345/Report/image/HOMO LUMO/E_azobenzene.HOMO_LUMO.x90y0z0.jpg'
	File_maker_exception: Error making 'Combined_orbital_image_maker' file '/tmp/hgt20/113100d52c8142ef93b643596fd32345/Report/image/HOMO LUMO/E_azobenzene.HOMO_LUMO.jpg'; Could not locate vmd executable 'vmd'
	FileNotFoundError: [Errno 2] No such file or directory: 'vmd'
digichem: INFO: Rendering 'E_azobenzene.HOMO_LUMO.jpg' to file(s)
digichem: ERROR: Unable to get file '/tmp/hgt20/113100d52c8142ef93b643596fd32345/Report/image/HOMO LUMO/E_azobenzene.HOMO_LUMO.x0y90z0.jpg'
	File_maker_exception: Error making 'Combined_orbital_image_maker' file '/tmp/hgt20/113100d52c8142ef93b643596fd32345/Report/image/HOMO LUMO/E_azobenzene.HOMO_LUMO.jpg'; Could not locate vmd executable 'vmd'
	FileNotFoundError: [Errno 2] No such file or directory: 'vmd'
digichem: INFO: Rendering 'E_azobenzene.HOMO_LUMO.jpg' to file(s)
digichem: ERROR: Unable to get file '/tmp/hgt20/113100d52c8142ef93b643596fd32345/Report/image/HOMO LUMO/E_azobenzene.HOMO_LUMO.x45y45z45.jpg'
	File_maker_exception: Error making 'Combined_orbital_image_maker' file '/tmp/hgt20/113100d52c8142ef93b643596fd32345/Report/image/HOMO LUMO/E_azobenzene.HOMO_LUMO.jpg'; Could not locate vmd executable 'vmd'
	FileNotFoundError: [Errno 2] No such file or directory: 'vmd'
digichem: INFO: Rendering 'E_azobenzene.orbitals.png' to file(s)
digichem: INFO: File generation duration: 0 s (0.084675 total seconds)
digichem: INFO: Writing PDF file '/tmp/hgt20/113100d52c8142ef93b643596fd32345/Report/E_azobenzene.traditional.pdf'
digichem: INFO: Pre-generating cube files using 1 threads because 'cubegen_parallel': 'pool'...
digichem: INFO: Rendering 'E_azobenzene.skeletal.png' to file(s)
digichem: INFO: File generation duration: 0 s (0.114049 total seconds)
digichem: INFO: Rendering 'E_azobenzene.HOMO_LUMO.png' to file(s)
digichem: INFO: File generation duration: 0 s (0.217952 total seconds)
digichem: INFO: Rendering 'E_azobenzene.structure.jpg' to file(s)
digichem: ERROR: Unable to get file '/tmp/hgt20/113100d52c8142ef93b643596fd32345/Report/image/Structure/E_azobenzene.structure.x0y0z0.jpg'
	File_maker_exception: Error making 'Structure_image_maker' file '/tmp/hgt20/113100d52c8142ef93b643596fd32345/Report/image/Structure/E_azobenzene.structure.jpg'; Could not locate vmd executable 'vmd'
	FileNotFoundError: [Errno 2] No such file or directory: 'vmd'
digichem: INFO: Rendering 'E_azobenzene.SCF.jpg' to file(s)
digichem: ERROR: Unable to get file '/tmp/hgt20/113100d52c8142ef93b643596fd32345/Report/image/Density/E_azobenzene.SCF.x0y0z0.jpg'
	File_maker_exception: Error making 'Density_image_maker' file '/tmp/hgt20/113100d52c8142ef93b643596fd32345/Report/image/Density/E_azobenzene.SCF.jpg'; Could not locate vmd executable 'vmd'
	FileNotFoundError: [Errno 2] No such file or directory: 'vmd'
digichem: ERROR: Unable to get file '/tmp/hgt20/113100d52c8142ef93b643596fd32345/Report/image/Density/E_azobenzene.SCF.x90y0z0.jpg'
	File_maker_exception: Error making 'Density_image_maker' file '/tmp/hgt20/113100d52c8142ef93b643596fd32345/Report/image/Density/E_azobenzene.SCF.jpg'; Not creating file due to previous errors
digichem: ERROR: Unable to get file '/tmp/hgt20/113100d52c8142ef93b643596fd32345/Report/image/Density/E_azobenzene.SCF.x0y90z0.jpg'
	File_maker_exception: Error making 'Density_image_maker' file '/tmp/hgt20/113100d52c8142ef93b643596fd32345/Report/image/Density/E_azobenzene.SCF.jpg'; Not creating file due to previous errors
digichem: ERROR: Unable to get file '/tmp/hgt20/113100d52c8142ef93b643596fd32345/Report/image/Density/E_azobenzene.SCF.x45y45z45.jpg'
	File_maker_exception: Error making 'Density_image_maker' file '/tmp/hgt20/113100d52c8142ef93b643596fd32345/Report/image/Density/E_azobenzene.SCF.jpg'; Not creating file due to previous errors
digichem: ERROR: Unable to get file '/tmp/hgt20/113100d52c8142ef93b643596fd32345/Report/image/Structure/E_azobenzene.structure.x0y0z0.jpg'
	File_maker_exception: Error making 'Structure_image_maker' file '/tmp/hgt20/113100d52c8142ef93b643596fd32345/Report/image/Structure/E_azobenzene.structure.jpg'; Not creating file due to previous errors
digichem: ERROR: Unable to get file '/tmp/hgt20/113100d52c8142ef93b643596fd32345/Report/image/Structure/E_azobenzene.structure.x90y0z0.jpg'
	File_maker_exception: Error making 'Structure_image_maker' file '/tmp/hgt20/113100d52c8142ef93b643596fd32345/Report/image/Structure/E_azobenzene.structure.jpg'; Not creating file due to previous errors
digichem: ERROR: Unable to get file '/tmp/hgt20/113100d52c8142ef93b643596fd32345/Report/image/Structure/E_azobenzene.structure.x0y90z0.jpg'
	File_maker_exception: Error making 'Structure_image_maker' file '/tmp/hgt20/113100d52c8142ef93b643596fd32345/Report/image/Structure/E_azobenzene.structure.jpg'; Not creating file due to previous errors
digichem: ERROR: Unable to get file '/tmp/hgt20/113100d52c8142ef93b643596fd32345/Report/image/Structure/E_azobenzene.structure.x45y45z45.jpg'
	File_maker_exception: Error making 'Structure_image_maker' file '/tmp/hgt20/113100d52c8142ef93b643596fd32345/Report/image/Structure/E_azobenzene.structure.jpg'; Not creating file due to previous errors
digichem: INFO: Rendering 'E_azobenzene.dipole.jpg' to file(s)
digichem: ERROR: Unable to get file '/tmp/hgt20/113100d52c8142ef93b643596fd32345/Report/image/Dipole Moment/E_azobenzene.dipole.x0y0z0.jpg'
	File_maker_exception: Error making 'Permanent_dipole_image_maker' file '/tmp/hgt20/113100d52c8142ef93b643596fd32345/Report/image/Dipole Moment/E_azobenzene.dipole.jpg'; Could not locate vmd executable 'vmd'
	FileNotFoundError: [Errno 2] No such file or directory: 'vmd'
digichem: ERROR: Unable to get file '/tmp/hgt20/113100d52c8142ef93b643596fd32345/Report/image/Dipole Moment/E_azobenzene.dipole.x90y0z0.jpg'
	File_maker_exception: Error making 'Permanent_dipole_image_maker' file '/tmp/hgt20/113100d52c8142ef93b643596fd32345/Report/image/Dipole Moment/E_azobenzene.dipole.jpg'; Not creating file due to previous errors
digichem: ERROR: Unable to get file '/tmp/hgt20/113100d52c8142ef93b643596fd32345/Report/image/Dipole Moment/E_azobenzene.dipole.x0y90z0.jpg'
	File_maker_exception: Error making 'Permanent_dipole_image_maker' file '/tmp/hgt20/113100d52c8142ef93b643596fd32345/Report/image/Dipole Moment/E_azobenzene.dipole.jpg'; Not creating file due to previous errors
digichem: ERROR: Unable to get file '/tmp/hgt20/113100d52c8142ef93b643596fd32345/Report/image/Dipole Moment/E_azobenzene.dipole.x45y45z45.jpg'
	File_maker_exception: Error making 'Permanent_dipole_image_maker' file '/tmp/hgt20/113100d52c8142ef93b643596fd32345/Report/image/Dipole Moment/E_azobenzene.dipole.jpg'; Not creating file due to previous errors
digichem: INFO: Rendering 'E_azobenzene.orbitals.png' to file(s)
digichem: INFO: File generation duration: 0 s (0.086673 total seconds)
digichem: INFO: Rendering 'E_azobenzene.HOMO.jpg' to file(s)
digichem: ERROR: Unable to get file '/tmp/hgt20/113100d52c8142ef93b643596fd32345/Report/image/HOMO/E_azobenzene.HOMO.x0y0z0.jpg'
	File_maker_exception: Error making 'Orbital_image_maker' file '/tmp/hgt20/113100d52c8142ef93b643596fd32345/Report/image/HOMO/E_azobenzene.HOMO.jpg'; Could not locate vmd executable 'vmd'
	FileNotFoundError: [Errno 2] No such file or directory: 'vmd'
digichem: ERROR: Unable to get file '/tmp/hgt20/113100d52c8142ef93b643596fd32345/Report/image/HOMO/E_azobenzene.HOMO.x90y0z0.jpg'
	File_maker_exception: Error making 'Orbital_image_maker' file '/tmp/hgt20/113100d52c8142ef93b643596fd32345/Report/image/HOMO/E_azobenzene.HOMO.jpg'; Not creating file due to previous errors
digichem: ERROR: Unable to get file '/tmp/hgt20/113100d52c8142ef93b643596fd32345/Report/image/HOMO/E_azobenzene.HOMO.x0y90z0.jpg'
	File_maker_exception: Error making 'Orbital_image_maker' file '/tmp/hgt20/113100d52c8142ef93b643596fd32345/Report/image/HOMO/E_azobenzene.HOMO.jpg'; Not creating file due to previous errors
digichem: ERROR: Unable to get file '/tmp/hgt20/113100d52c8142ef93b643596fd32345/Report/image/HOMO/E_azobenzene.HOMO.x45y45z45.jpg'
	File_maker_exception: Error making 'Orbital_image_maker' file '/tmp/hgt20/113100d52c8142ef93b643596fd32345/Report/image/HOMO/E_azobenzene.HOMO.jpg'; Not creating file due to previous errors
digichem: INFO: Rendering 'E_azobenzene.LUMO.jpg' to file(s)
digichem: ERROR: Unable to get file '/tmp/hgt20/113100d52c8142ef93b643596fd32345/Report/image/LUMO/E_azobenzene.LUMO.x0y0z0.jpg'
	File_maker_exception: Error making 'Orbital_image_maker' file '/tmp/hgt20/113100d52c8142ef93b643596fd32345/Report/image/LUMO/E_azobenzene.LUMO.jpg'; Could not locate vmd executable 'vmd'
	FileNotFoundError: [Errno 2] No such file or directory: 'vmd'
digichem: ERROR: Unable to get file '/tmp/hgt20/113100d52c8142ef93b643596fd32345/Report/image/LUMO/E_azobenzene.LUMO.x90y0z0.jpg'
	File_maker_exception: Error making 'Orbital_image_maker' file '/tmp/hgt20/113100d52c8142ef93b643596fd32345/Report/image/LUMO/E_azobenzene.LUMO.jpg'; Not creating file due to previous errors
digichem: ERROR: Unable to get file '/tmp/hgt20/113100d52c8142ef93b643596fd32345/Report/image/LUMO/E_azobenzene.LUMO.x0y90z0.jpg'
	File_maker_exception: Error making 'Orbital_image_maker' file '/tmp/hgt20/113100d52c8142ef93b643596fd32345/Report/image/LUMO/E_azobenzene.LUMO.jpg'; Not creating file due to previous errors
digichem: ERROR: Unable to get file '/tmp/hgt20/113100d52c8142ef93b643596fd32345/Report/image/LUMO/E_azobenzene.LUMO.x45y45z45.jpg'
	File_maker_exception: Error making 'Orbital_image_maker' file '/tmp/hgt20/113100d52c8142ef93b643596fd32345/Report/image/LUMO/E_azobenzene.LUMO.jpg'; Not creating file due to previous errors
digichem: INFO: Rendering 'E_azobenzene.HOMO_LUMO.jpg' to file(s)
digichem: ERROR: Unable to get file '/tmp/hgt20/113100d52c8142ef93b643596fd32345/Report/image/HOMO LUMO/E_azobenzene.HOMO_LUMO.x0y0z0.jpg'
	File_maker_exception: Error making 'Combined_orbital_image_maker' file '/tmp/hgt20/113100d52c8142ef93b643596fd32345/Report/image/HOMO LUMO/E_azobenzene.HOMO_LUMO.jpg'; Could not locate vmd executable 'vmd'
	FileNotFoundError: [Errno 2] No such file or directory: 'vmd'
digichem: INFO: Rendering 'E_azobenzene.HOMO_LUMO.jpg' to file(s)
digichem: ERROR: Unable to get file '/tmp/hgt20/113100d52c8142ef93b643596fd32345/Report/image/HOMO LUMO/E_azobenzene.HOMO_LUMO.x90y0z0.jpg'
	File_maker_exception: Error making 'Combined_orbital_image_maker' file '/tmp/hgt20/113100d52c8142ef93b643596fd32345/Report/image/HOMO LUMO/E_azobenzene.HOMO_LUMO.jpg'; Could not locate vmd executable 'vmd'
	FileNotFoundError: [Errno 2] No such file or directory: 'vmd'
digichem: INFO: Rendering 'E_azobenzene.HOMO_LUMO.jpg' to file(s)
digichem: ERROR: Unable to get file '/tmp/hgt20/113100d52c8142ef93b643596fd32345/Report/image/HOMO LUMO/E_azobenzene.HOMO_LUMO.x0y90z0.jpg'
	File_maker_exception: Error making 'Combined_orbital_image_maker' file '/tmp/hgt20/113100d52c8142ef93b643596fd32345/Report/image/HOMO LUMO/E_azobenzene.HOMO_LUMO.jpg'; Could not locate vmd executable 'vmd'
	FileNotFoundError: [Errno 2] No such file or directory: 'vmd'
digichem: INFO: Rendering 'E_azobenzene.HOMO_LUMO.jpg' to file(s)
digichem: ERROR: Unable to get file '/tmp/hgt20/113100d52c8142ef93b643596fd32345/Report/image/HOMO LUMO/E_azobenzene.HOMO_LUMO.x45y45z45.jpg'
	File_maker_exception: Error making 'Combined_orbital_image_maker' file '/tmp/hgt20/113100d52c8142ef93b643596fd32345/Report/image/HOMO LUMO/E_azobenzene.HOMO_LUMO.jpg'; Could not locate vmd executable 'vmd'
	FileNotFoundError: [Errno 2] No such file or directory: 'vmd'
digichem: INFO: Writing PDF file '/tmp/hgt20/113100d52c8142ef93b643596fd32345/Report/E_azobenzene.journal.pdf'
digichem: INFO: Moving report files from scratch dir...
digichem: INFO: Post-processing complete
digichem: INFO: Post-processing duration: 52 s (52.324927 total seconds)
digichem: INFO: Starting cleanup
digichem: INFO: Cleanup complete
digichem: INFO: Cleanup duration: 0 s (0.01307 total seconds)
digichem: INFO: Handling of calculation '1CPU 4GB SP B3LYP (GD3BJ) RIJCOSX def2-SVP' complete
digichem: INFO: Total calculation handling duration: 2 m, 48 s (168.424407 total seconds)
