digichem: INFO: Starting calculation '1CPU 4GB TD-DFT 2 Singlets B3LYP (GD3BJ) RIJCOSX def2-SVP' on 04/09/2025 17:57:58
digichem: INFO: Scratch directory is: '/tmp/hgt20/a6e8eaf454f94ae18c53473aed62928c'
digichem: INFO: Host is: 'cx3-4-27.cx3.hpc.ic.ac.uk'
digichem: INFO: Calculation end on 04/09/2025 18:00:38
digichem: INFO: Calculation duration: 2 m, 40 s (160.091618 total seconds)
digichem: INFO: Starting post-processing
digichem: INFO: Parsing calculation result '/rds/general/user/hgt20/home/azobenzene-symmetry/Z_planar_azobenzene/Orca 5.0.3 1CPU 4GB TD-DFT 2 Singlets B3LYP (GD3BJ) RIJCOSX def2-SVP/Output/Z_planar_azobenzene.log'
digichem: WARNING: Unable to fully parse excited states because only energies are available, missing symmetries
digichem: INFO: Waiting for database lock on file '/rds/general/user/hgt20/home/.digichem/digichem.main.db/.silico_lock'
digichem: INFO: Acquired database lock
digichem: INFO: Flushing database
digichem: INFO: Pre-generating cube files using 1 threads because 'cubegen_parallel': 'pool'...
digichem: INFO: Rendering 'Z_planar_azobenzene.skeletal.png' to file(s)
digichem: INFO: File generation duration: 0 s (0.119912 total seconds)
digichem: INFO: Rendering 'Z_planar_azobenzene.HOMO_LUMO.png' to file(s)
digichem: INFO: File generation duration: 0 s (0.155751 total seconds)
digichem: INFO: Converting orca/gbw file 'Z_planar_azobenzene.gbw' to gaussian/cube file 'Z_planar_azobenzene.HOMO.cube'
digichem: INFO: File generation duration: 2 s (1.508897 total seconds)
digichem: INFO: Rendering 'Z_planar_azobenzene.structure.jpg' to file(s)
digichem: ERROR: Unable to get file '/tmp/hgt20/a6e8eaf454f94ae18c53473aed62928c/Report/image/Structure/Z_planar_azobenzene.structure.x0y0z0.jpg'
	File_maker_exception: Error making 'Structure_image_maker' file '/tmp/hgt20/a6e8eaf454f94ae18c53473aed62928c/Report/image/Structure/Z_planar_azobenzene.structure.jpg'; Could not locate vmd executable 'vmd'
	FileNotFoundError: [Errno 2] No such file or directory: 'vmd'
digichem: ERROR: Unable to get file '/tmp/hgt20/a6e8eaf454f94ae18c53473aed62928c/Report/image/Structure/Z_planar_azobenzene.structure.x0y0z0.jpg'
	File_maker_exception: Error making 'Structure_image_maker' file '/tmp/hgt20/a6e8eaf454f94ae18c53473aed62928c/Report/image/Structure/Z_planar_azobenzene.structure.jpg'; Not creating file due to previous errors
digichem: ERROR: Unable to get file '/tmp/hgt20/a6e8eaf454f94ae18c53473aed62928c/Report/image/Structure/Z_planar_azobenzene.structure.x90y0z0.jpg'
	File_maker_exception: Error making 'Structure_image_maker' file '/tmp/hgt20/a6e8eaf454f94ae18c53473aed62928c/Report/image/Structure/Z_planar_azobenzene.structure.jpg'; Not creating file due to previous errors
digichem: ERROR: Unable to get file '/tmp/hgt20/a6e8eaf454f94ae18c53473aed62928c/Report/image/Structure/Z_planar_azobenzene.structure.x0y90z0.jpg'
	File_maker_exception: Error making 'Structure_image_maker' file '/tmp/hgt20/a6e8eaf454f94ae18c53473aed62928c/Report/image/Structure/Z_planar_azobenzene.structure.jpg'; Not creating file due to previous errors
digichem: ERROR: Unable to get file '/tmp/hgt20/a6e8eaf454f94ae18c53473aed62928c/Report/image/Structure/Z_planar_azobenzene.structure.x45y45z45.jpg'
	File_maker_exception: Error making 'Structure_image_maker' file '/tmp/hgt20/a6e8eaf454f94ae18c53473aed62928c/Report/image/Structure/Z_planar_azobenzene.structure.jpg'; Not creating file due to previous errors
digichem: INFO: Converting orca/gbw file 'Z_planar_azobenzene.gbw' to gaussian/cube file 'Z_planar_azobenzene.SCF.cube'
digichem: INFO: File generation duration: 24 s (24.364923 total seconds)
digichem: INFO: Rendering 'Z_planar_azobenzene.SCF.jpg' to file(s)
digichem: ERROR: Unable to get file '/tmp/hgt20/a6e8eaf454f94ae18c53473aed62928c/Report/image/Density/Z_planar_azobenzene.SCF.x0y0z0.jpg'
	File_maker_exception: Error making 'Density_image_maker' file '/tmp/hgt20/a6e8eaf454f94ae18c53473aed62928c/Report/image/Density/Z_planar_azobenzene.SCF.jpg'; Could not locate vmd executable 'vmd'
	FileNotFoundError: [Errno 2] No such file or directory: 'vmd'
digichem: ERROR: Unable to get file '/tmp/hgt20/a6e8eaf454f94ae18c53473aed62928c/Report/image/Density/Z_planar_azobenzene.SCF.x90y0z0.jpg'
	File_maker_exception: Error making 'Density_image_maker' file '/tmp/hgt20/a6e8eaf454f94ae18c53473aed62928c/Report/image/Density/Z_planar_azobenzene.SCF.jpg'; Not creating file due to previous errors
digichem: ERROR: Unable to get file '/tmp/hgt20/a6e8eaf454f94ae18c53473aed62928c/Report/image/Density/Z_planar_azobenzene.SCF.x0y90z0.jpg'
	File_maker_exception: Error making 'Density_image_maker' file '/tmp/hgt20/a6e8eaf454f94ae18c53473aed62928c/Report/image/Density/Z_planar_azobenzene.SCF.jpg'; Not creating file due to previous errors
digichem: ERROR: Unable to get file '/tmp/hgt20/a6e8eaf454f94ae18c53473aed62928c/Report/image/Density/Z_planar_azobenzene.SCF.x45y45z45.jpg'
	File_maker_exception: Error making 'Density_image_maker' file '/tmp/hgt20/a6e8eaf454f94ae18c53473aed62928c/Report/image/Density/Z_planar_azobenzene.SCF.jpg'; Not creating file due to previous errors
digichem: INFO: Rendering 'Z_planar_azobenzene.dipole.jpg' to file(s)
digichem: ERROR: Unable to get file '/tmp/hgt20/a6e8eaf454f94ae18c53473aed62928c/Report/image/Dipole Moment/Z_planar_azobenzene.dipole.x0y0z0.jpg'
	File_maker_exception: Error making 'Permanent_dipole_image_maker' file '/tmp/hgt20/a6e8eaf454f94ae18c53473aed62928c/Report/image/Dipole Moment/Z_planar_azobenzene.dipole.jpg'; Could not locate vmd executable 'vmd'
	FileNotFoundError: [Errno 2] No such file or directory: 'vmd'
digichem: ERROR: Unable to get file '/tmp/hgt20/a6e8eaf454f94ae18c53473aed62928c/Report/image/Dipole Moment/Z_planar_azobenzene.dipole.x90y0z0.jpg'
	File_maker_exception: Error making 'Permanent_dipole_image_maker' file '/tmp/hgt20/a6e8eaf454f94ae18c53473aed62928c/Report/image/Dipole Moment/Z_planar_azobenzene.dipole.jpg'; Not creating file due to previous errors
digichem: ERROR: Unable to get file '/tmp/hgt20/a6e8eaf454f94ae18c53473aed62928c/Report/image/Dipole Moment/Z_planar_azobenzene.dipole.x0y90z0.jpg'
	File_maker_exception: Error making 'Permanent_dipole_image_maker' file '/tmp/hgt20/a6e8eaf454f94ae18c53473aed62928c/Report/image/Dipole Moment/Z_planar_azobenzene.dipole.jpg'; Not creating file due to previous errors
digichem: ERROR: Unable to get file '/tmp/hgt20/a6e8eaf454f94ae18c53473aed62928c/Report/image/Dipole Moment/Z_planar_azobenzene.dipole.x45y45z45.jpg'
	File_maker_exception: Error making 'Permanent_dipole_image_maker' file '/tmp/hgt20/a6e8eaf454f94ae18c53473aed62928c/Report/image/Dipole Moment/Z_planar_azobenzene.dipole.jpg'; Not creating file due to previous errors
digichem: INFO: Rendering 'Z_planar_azobenzene.HOMO.jpg' to file(s)
digichem: ERROR: Unable to get file '/tmp/hgt20/a6e8eaf454f94ae18c53473aed62928c/Report/image/HOMO/Z_planar_azobenzene.HOMO.x0y0z0.jpg'
	File_maker_exception: Error making 'Orbital_image_maker' file '/tmp/hgt20/a6e8eaf454f94ae18c53473aed62928c/Report/image/HOMO/Z_planar_azobenzene.HOMO.jpg'; Could not locate vmd executable 'vmd'
	FileNotFoundError: [Errno 2] No such file or directory: 'vmd'
digichem: ERROR: Unable to get file '/tmp/hgt20/a6e8eaf454f94ae18c53473aed62928c/Report/image/HOMO/Z_planar_azobenzene.HOMO.x90y0z0.jpg'
	File_maker_exception: Error making 'Orbital_image_maker' file '/tmp/hgt20/a6e8eaf454f94ae18c53473aed62928c/Report/image/HOMO/Z_planar_azobenzene.HOMO.jpg'; Not creating file due to previous errors
digichem: ERROR: Unable to get file '/tmp/hgt20/a6e8eaf454f94ae18c53473aed62928c/Report/image/HOMO/Z_planar_azobenzene.HOMO.x0y90z0.jpg'
	File_maker_exception: Error making 'Orbital_image_maker' file '/tmp/hgt20/a6e8eaf454f94ae18c53473aed62928c/Report/image/HOMO/Z_planar_azobenzene.HOMO.jpg'; Not creating file due to previous errors
digichem: ERROR: Unable to get file '/tmp/hgt20/a6e8eaf454f94ae18c53473aed62928c/Report/image/HOMO/Z_planar_azobenzene.HOMO.x45y45z45.jpg'
	File_maker_exception: Error making 'Orbital_image_maker' file '/tmp/hgt20/a6e8eaf454f94ae18c53473aed62928c/Report/image/HOMO/Z_planar_azobenzene.HOMO.jpg'; Not creating file due to previous errors
digichem: INFO: Converting orca/gbw file 'Z_planar_azobenzene.gbw' to gaussian/cube file 'Z_planar_azobenzene.LUMO.cube'
digichem: INFO: File generation duration: 1 s (1.129015 total seconds)
digichem: INFO: Rendering 'Z_planar_azobenzene.LUMO.jpg' to file(s)
digichem: ERROR: Unable to get file '/tmp/hgt20/a6e8eaf454f94ae18c53473aed62928c/Report/image/LUMO/Z_planar_azobenzene.LUMO.x0y0z0.jpg'
	File_maker_exception: Error making 'Orbital_image_maker' file '/tmp/hgt20/a6e8eaf454f94ae18c53473aed62928c/Report/image/LUMO/Z_planar_azobenzene.LUMO.jpg'; Could not locate vmd executable 'vmd'
	FileNotFoundError: [Errno 2] No such file or directory: 'vmd'
digichem: ERROR: Unable to get file '/tmp/hgt20/a6e8eaf454f94ae18c53473aed62928c/Report/image/LUMO/Z_planar_azobenzene.LUMO.x90y0z0.jpg'
	File_maker_exception: Error making 'Orbital_image_maker' file '/tmp/hgt20/a6e8eaf454f94ae18c53473aed62928c/Report/image/LUMO/Z_planar_azobenzene.LUMO.jpg'; Not creating file due to previous errors
digichem: ERROR: Unable to get file '/tmp/hgt20/a6e8eaf454f94ae18c53473aed62928c/Report/image/LUMO/Z_planar_azobenzene.LUMO.x0y90z0.jpg'
	File_maker_exception: Error making 'Orbital_image_maker' file '/tmp/hgt20/a6e8eaf454f94ae18c53473aed62928c/Report/image/LUMO/Z_planar_azobenzene.LUMO.jpg'; Not creating file due to previous errors
digichem: ERROR: Unable to get file '/tmp/hgt20/a6e8eaf454f94ae18c53473aed62928c/Report/image/LUMO/Z_planar_azobenzene.LUMO.x45y45z45.jpg'
	File_maker_exception: Error making 'Orbital_image_maker' file '/tmp/hgt20/a6e8eaf454f94ae18c53473aed62928c/Report/image/LUMO/Z_planar_azobenzene.LUMO.jpg'; Not creating file due to previous errors
digichem: INFO: Rendering 'Z_planar_azobenzene.HOMO_LUMO.jpg' to file(s)
digichem: ERROR: Unable to get file '/tmp/hgt20/a6e8eaf454f94ae18c53473aed62928c/Report/image/HOMO LUMO/Z_planar_azobenzene.HOMO_LUMO.x0y0z0.jpg'
	File_maker_exception: Error making 'Combined_orbital_image_maker' file '/tmp/hgt20/a6e8eaf454f94ae18c53473aed62928c/Report/image/HOMO LUMO/Z_planar_azobenzene.HOMO_LUMO.jpg'; Could not locate vmd executable 'vmd'
	FileNotFoundError: [Errno 2] No such file or directory: 'vmd'
digichem: INFO: Rendering 'Z_planar_azobenzene.HOMO_LUMO.jpg' to file(s)
digichem: ERROR: Unable to get file '/tmp/hgt20/a6e8eaf454f94ae18c53473aed62928c/Report/image/HOMO LUMO/Z_planar_azobenzene.HOMO_LUMO.x90y0z0.jpg'
	File_maker_exception: Error making 'Combined_orbital_image_maker' file '/tmp/hgt20/a6e8eaf454f94ae18c53473aed62928c/Report/image/HOMO LUMO/Z_planar_azobenzene.HOMO_LUMO.jpg'; Could not locate vmd executable 'vmd'
	FileNotFoundError: [Errno 2] No such file or directory: 'vmd'
digichem: INFO: Rendering 'Z_planar_azobenzene.HOMO_LUMO.jpg' to file(s)
digichem: ERROR: Unable to get file '/tmp/hgt20/a6e8eaf454f94ae18c53473aed62928c/Report/image/HOMO LUMO/Z_planar_azobenzene.HOMO_LUMO.x0y90z0.jpg'
	File_maker_exception: Error making 'Combined_orbital_image_maker' file '/tmp/hgt20/a6e8eaf454f94ae18c53473aed62928c/Report/image/HOMO LUMO/Z_planar_azobenzene.HOMO_LUMO.jpg'; Could not locate vmd executable 'vmd'
	FileNotFoundError: [Errno 2] No such file or directory: 'vmd'
digichem: INFO: Rendering 'Z_planar_azobenzene.HOMO_LUMO.jpg' to file(s)
digichem: ERROR: Unable to get file '/tmp/hgt20/a6e8eaf454f94ae18c53473aed62928c/Report/image/HOMO LUMO/Z_planar_azobenzene.HOMO_LUMO.x45y45z45.jpg'
	File_maker_exception: Error making 'Combined_orbital_image_maker' file '/tmp/hgt20/a6e8eaf454f94ae18c53473aed62928c/Report/image/HOMO LUMO/Z_planar_azobenzene.HOMO_LUMO.jpg'; Could not locate vmd executable 'vmd'
	FileNotFoundError: [Errno 2] No such file or directory: 'vmd'
digichem: INFO: Rendering 'Z_planar_azobenzene.orbitals.png' to file(s)
digichem: INFO: File generation duration: 0 s (0.073852 total seconds)
digichem: INFO: Writing PDF file '/tmp/hgt20/a6e8eaf454f94ae18c53473aed62928c/Report/Z_planar_azobenzene.traditional.pdf'
digichem: INFO: Pre-generating cube files using 1 threads because 'cubegen_parallel': 'pool'...
digichem: INFO: Rendering 'Z_planar_azobenzene.skeletal.png' to file(s)
digichem: INFO: File generation duration: 0 s (0.085066 total seconds)
digichem: INFO: Rendering 'Z_planar_azobenzene.HOMO_LUMO.png' to file(s)
digichem: INFO: File generation duration: 0 s (0.299866 total seconds)
digichem: INFO: Rendering 'Z_planar_azobenzene.structure.jpg' to file(s)
digichem: ERROR: Unable to get file '/tmp/hgt20/a6e8eaf454f94ae18c53473aed62928c/Report/image/Structure/Z_planar_azobenzene.structure.x0y0z0.jpg'
	File_maker_exception: Error making 'Structure_image_maker' file '/tmp/hgt20/a6e8eaf454f94ae18c53473aed62928c/Report/image/Structure/Z_planar_azobenzene.structure.jpg'; Could not locate vmd executable 'vmd'
	FileNotFoundError: [Errno 2] No such file or directory: 'vmd'
digichem: INFO: Rendering 'Z_planar_azobenzene.SCF.jpg' to file(s)
digichem: ERROR: Unable to get file '/tmp/hgt20/a6e8eaf454f94ae18c53473aed62928c/Report/image/Density/Z_planar_azobenzene.SCF.x0y0z0.jpg'
	File_maker_exception: Error making 'Density_image_maker' file '/tmp/hgt20/a6e8eaf454f94ae18c53473aed62928c/Report/image/Density/Z_planar_azobenzene.SCF.jpg'; Could not locate vmd executable 'vmd'
	FileNotFoundError: [Errno 2] No such file or directory: 'vmd'
digichem: ERROR: Unable to get file '/tmp/hgt20/a6e8eaf454f94ae18c53473aed62928c/Report/image/Density/Z_planar_azobenzene.SCF.x90y0z0.jpg'
	File_maker_exception: Error making 'Density_image_maker' file '/tmp/hgt20/a6e8eaf454f94ae18c53473aed62928c/Report/image/Density/Z_planar_azobenzene.SCF.jpg'; Not creating file due to previous errors
digichem: ERROR: Unable to get file '/tmp/hgt20/a6e8eaf454f94ae18c53473aed62928c/Report/image/Density/Z_planar_azobenzene.SCF.x0y90z0.jpg'
	File_maker_exception: Error making 'Density_image_maker' file '/tmp/hgt20/a6e8eaf454f94ae18c53473aed62928c/Report/image/Density/Z_planar_azobenzene.SCF.jpg'; Not creating file due to previous errors
digichem: ERROR: Unable to get file '/tmp/hgt20/a6e8eaf454f94ae18c53473aed62928c/Report/image/Density/Z_planar_azobenzene.SCF.x45y45z45.jpg'
	File_maker_exception: Error making 'Density_image_maker' file '/tmp/hgt20/a6e8eaf454f94ae18c53473aed62928c/Report/image/Density/Z_planar_azobenzene.SCF.jpg'; Not creating file due to previous errors
digichem: ERROR: Unable to get file '/tmp/hgt20/a6e8eaf454f94ae18c53473aed62928c/Report/image/Structure/Z_planar_azobenzene.structure.x0y0z0.jpg'
	File_maker_exception: Error making 'Structure_image_maker' file '/tmp/hgt20/a6e8eaf454f94ae18c53473aed62928c/Report/image/Structure/Z_planar_azobenzene.structure.jpg'; Not creating file due to previous errors
digichem: ERROR: Unable to get file '/tmp/hgt20/a6e8eaf454f94ae18c53473aed62928c/Report/image/Structure/Z_planar_azobenzene.structure.x90y0z0.jpg'
	File_maker_exception: Error making 'Structure_image_maker' file '/tmp/hgt20/a6e8eaf454f94ae18c53473aed62928c/Report/image/Structure/Z_planar_azobenzene.structure.jpg'; Not creating file due to previous errors
digichem: ERROR: Unable to get file '/tmp/hgt20/a6e8eaf454f94ae18c53473aed62928c/Report/image/Structure/Z_planar_azobenzene.structure.x0y90z0.jpg'
	File_maker_exception: Error making 'Structure_image_maker' file '/tmp/hgt20/a6e8eaf454f94ae18c53473aed62928c/Report/image/Structure/Z_planar_azobenzene.structure.jpg'; Not creating file due to previous errors
digichem: ERROR: Unable to get file '/tmp/hgt20/a6e8eaf454f94ae18c53473aed62928c/Report/image/Structure/Z_planar_azobenzene.structure.x45y45z45.jpg'
	File_maker_exception: Error making 'Structure_image_maker' file '/tmp/hgt20/a6e8eaf454f94ae18c53473aed62928c/Report/image/Structure/Z_planar_azobenzene.structure.jpg'; Not creating file due to previous errors
digichem: INFO: Rendering 'Z_planar_azobenzene.dipole.jpg' to file(s)
digichem: ERROR: Unable to get file '/tmp/hgt20/a6e8eaf454f94ae18c53473aed62928c/Report/image/Dipole Moment/Z_planar_azobenzene.dipole.x0y0z0.jpg'
	File_maker_exception: Error making 'Permanent_dipole_image_maker' file '/tmp/hgt20/a6e8eaf454f94ae18c53473aed62928c/Report/image/Dipole Moment/Z_planar_azobenzene.dipole.jpg'; Could not locate vmd executable 'vmd'
	FileNotFoundError: [Errno 2] No such file or directory: 'vmd'
digichem: ERROR: Unable to get file '/tmp/hgt20/a6e8eaf454f94ae18c53473aed62928c/Report/image/Dipole Moment/Z_planar_azobenzene.dipole.x90y0z0.jpg'
	File_maker_exception: Error making 'Permanent_dipole_image_maker' file '/tmp/hgt20/a6e8eaf454f94ae18c53473aed62928c/Report/image/Dipole Moment/Z_planar_azobenzene.dipole.jpg'; Not creating file due to previous errors
digichem: ERROR: Unable to get file '/tmp/hgt20/a6e8eaf454f94ae18c53473aed62928c/Report/image/Dipole Moment/Z_planar_azobenzene.dipole.x0y90z0.jpg'
	File_maker_exception: Error making 'Permanent_dipole_image_maker' file '/tmp/hgt20/a6e8eaf454f94ae18c53473aed62928c/Report/image/Dipole Moment/Z_planar_azobenzene.dipole.jpg'; Not creating file due to previous errors
digichem: ERROR: Unable to get file '/tmp/hgt20/a6e8eaf454f94ae18c53473aed62928c/Report/image/Dipole Moment/Z_planar_azobenzene.dipole.x45y45z45.jpg'
	File_maker_exception: Error making 'Permanent_dipole_image_maker' file '/tmp/hgt20/a6e8eaf454f94ae18c53473aed62928c/Report/image/Dipole Moment/Z_planar_azobenzene.dipole.jpg'; Not creating file due to previous errors
digichem: INFO: Rendering 'Z_planar_azobenzene.orbitals.png' to file(s)
digichem: INFO: File generation duration: 0 s (0.074721 total seconds)
digichem: INFO: Rendering 'Z_planar_azobenzene.HOMO.jpg' to file(s)
digichem: ERROR: Unable to get file '/tmp/hgt20/a6e8eaf454f94ae18c53473aed62928c/Report/image/HOMO/Z_planar_azobenzene.HOMO.x0y0z0.jpg'
	File_maker_exception: Error making 'Orbital_image_maker' file '/tmp/hgt20/a6e8eaf454f94ae18c53473aed62928c/Report/image/HOMO/Z_planar_azobenzene.HOMO.jpg'; Could not locate vmd executable 'vmd'
	FileNotFoundError: [Errno 2] No such file or directory: 'vmd'
digichem: ERROR: Unable to get file '/tmp/hgt20/a6e8eaf454f94ae18c53473aed62928c/Report/image/HOMO/Z_planar_azobenzene.HOMO.x90y0z0.jpg'
	File_maker_exception: Error making 'Orbital_image_maker' file '/tmp/hgt20/a6e8eaf454f94ae18c53473aed62928c/Report/image/HOMO/Z_planar_azobenzene.HOMO.jpg'; Not creating file due to previous errors
digichem: ERROR: Unable to get file '/tmp/hgt20/a6e8eaf454f94ae18c53473aed62928c/Report/image/HOMO/Z_planar_azobenzene.HOMO.x0y90z0.jpg'
	File_maker_exception: Error making 'Orbital_image_maker' file '/tmp/hgt20/a6e8eaf454f94ae18c53473aed62928c/Report/image/HOMO/Z_planar_azobenzene.HOMO.jpg'; Not creating file due to previous errors
digichem: ERROR: Unable to get file '/tmp/hgt20/a6e8eaf454f94ae18c53473aed62928c/Report/image/HOMO/Z_planar_azobenzene.HOMO.x45y45z45.jpg'
	File_maker_exception: Error making 'Orbital_image_maker' file '/tmp/hgt20/a6e8eaf454f94ae18c53473aed62928c/Report/image/HOMO/Z_planar_azobenzene.HOMO.jpg'; Not creating file due to previous errors
digichem: INFO: Rendering 'Z_planar_azobenzene.LUMO.jpg' to file(s)
digichem: ERROR: Unable to get file '/tmp/hgt20/a6e8eaf454f94ae18c53473aed62928c/Report/image/LUMO/Z_planar_azobenzene.LUMO.x0y0z0.jpg'
	File_maker_exception: Error making 'Orbital_image_maker' file '/tmp/hgt20/a6e8eaf454f94ae18c53473aed62928c/Report/image/LUMO/Z_planar_azobenzene.LUMO.jpg'; Could not locate vmd executable 'vmd'
	FileNotFoundError: [Errno 2] No such file or directory: 'vmd'
digichem: ERROR: Unable to get file '/tmp/hgt20/a6e8eaf454f94ae18c53473aed62928c/Report/image/LUMO/Z_planar_azobenzene.LUMO.x90y0z0.jpg'
	File_maker_exception: Error making 'Orbital_image_maker' file '/tmp/hgt20/a6e8eaf454f94ae18c53473aed62928c/Report/image/LUMO/Z_planar_azobenzene.LUMO.jpg'; Not creating file due to previous errors
digichem: ERROR: Unable to get file '/tmp/hgt20/a6e8eaf454f94ae18c53473aed62928c/Report/image/LUMO/Z_planar_azobenzene.LUMO.x0y90z0.jpg'
	File_maker_exception: Error making 'Orbital_image_maker' file '/tmp/hgt20/a6e8eaf454f94ae18c53473aed62928c/Report/image/LUMO/Z_planar_azobenzene.LUMO.jpg'; Not creating file due to previous errors
digichem: ERROR: Unable to get file '/tmp/hgt20/a6e8eaf454f94ae18c53473aed62928c/Report/image/LUMO/Z_planar_azobenzene.LUMO.x45y45z45.jpg'
	File_maker_exception: Error making 'Orbital_image_maker' file '/tmp/hgt20/a6e8eaf454f94ae18c53473aed62928c/Report/image/LUMO/Z_planar_azobenzene.LUMO.jpg'; Not creating file due to previous errors
digichem: INFO: Rendering 'Z_planar_azobenzene.HOMO_LUMO.jpg' to file(s)
digichem: ERROR: Unable to get file '/tmp/hgt20/a6e8eaf454f94ae18c53473aed62928c/Report/image/HOMO LUMO/Z_planar_azobenzene.HOMO_LUMO.x0y0z0.jpg'
	File_maker_exception: Error making 'Combined_orbital_image_maker' file '/tmp/hgt20/a6e8eaf454f94ae18c53473aed62928c/Report/image/HOMO LUMO/Z_planar_azobenzene.HOMO_LUMO.jpg'; Could not locate vmd executable 'vmd'
	FileNotFoundError: [Errno 2] No such file or directory: 'vmd'
digichem: INFO: Rendering 'Z_planar_azobenzene.HOMO_LUMO.jpg' to file(s)
digichem: ERROR: Unable to get file '/tmp/hgt20/a6e8eaf454f94ae18c53473aed62928c/Report/image/HOMO LUMO/Z_planar_azobenzene.HOMO_LUMO.x90y0z0.jpg'
	File_maker_exception: Error making 'Combined_orbital_image_maker' file '/tmp/hgt20/a6e8eaf454f94ae18c53473aed62928c/Report/image/HOMO LUMO/Z_planar_azobenzene.HOMO_LUMO.jpg'; Could not locate vmd executable 'vmd'
	FileNotFoundError: [Errno 2] No such file or directory: 'vmd'
digichem: INFO: Rendering 'Z_planar_azobenzene.HOMO_LUMO.jpg' to file(s)
digichem: ERROR: Unable to get file '/tmp/hgt20/a6e8eaf454f94ae18c53473aed62928c/Report/image/HOMO LUMO/Z_planar_azobenzene.HOMO_LUMO.x0y90z0.jpg'
	File_maker_exception: Error making 'Combined_orbital_image_maker' file '/tmp/hgt20/a6e8eaf454f94ae18c53473aed62928c/Report/image/HOMO LUMO/Z_planar_azobenzene.HOMO_LUMO.jpg'; Could not locate vmd executable 'vmd'
	FileNotFoundError: [Errno 2] No such file or directory: 'vmd'
digichem: INFO: Rendering 'Z_planar_azobenzene.HOMO_LUMO.jpg' to file(s)
digichem: ERROR: Unable to get file '/tmp/hgt20/a6e8eaf454f94ae18c53473aed62928c/Report/image/HOMO LUMO/Z_planar_azobenzene.HOMO_LUMO.x45y45z45.jpg'
	File_maker_exception: Error making 'Combined_orbital_image_maker' file '/tmp/hgt20/a6e8eaf454f94ae18c53473aed62928c/Report/image/HOMO LUMO/Z_planar_azobenzene.HOMO_LUMO.jpg'; Could not locate vmd executable 'vmd'
	FileNotFoundError: [Errno 2] No such file or directory: 'vmd'
digichem: INFO: Writing PDF file '/tmp/hgt20/a6e8eaf454f94ae18c53473aed62928c/Report/Z_planar_azobenzene.journal.pdf'
digichem: INFO: Moving report files from scratch dir...
digichem: INFO: Post-processing complete
digichem: INFO: Post-processing duration: 56 s (55.621299 total seconds)
digichem: INFO: Starting cleanup
digichem: INFO: Cleanup complete
digichem: INFO: Cleanup duration: 0 s (0.027277 total seconds)
digichem: INFO: Handling of calculation '1CPU 4GB TD-DFT 2 Singlets B3LYP (GD3BJ) RIJCOSX def2-SVP' complete
digichem: INFO: Total calculation handling duration: 3 m, 36 s (215.767531 total seconds)
